<?xml version="1.0" encoding="UTF-8"?>
<testsuite name="com.kodilla.stream.array.ArrayOperationsTestSuite" tests="1" skipped="0" failures="0" errors="0" timestamp="2020-04-23T22:01:31" hostname="MBP-zieluzielu" time="0.012">
  <properties/>
  <testcase name="testGetAverage" classname="com.kodilla.stream.array.ArrayOperationsTestSuite" time="0.012"/>
  <system-out><![CDATA[0
1
2
3
]]></system-out>
  <system-err><![CDATA[]]></system-err>
</testsuite>
