<?xml version="1.0" encoding="UTF-8"?>
<testsuite name="com.kodilla.spring.forum.ForumUserTestSuite" tests="1" skipped="0" failures="0" errors="0" timestamp="2020-04-23T22:01:27" hostname="MBP-zieluzielu" time="0.219">
  <properties/>
  <testcase name="testGetUserName" classname="com.kodilla.spring.forum.ForumUserTestSuite" time="0.219"/>
  <system-out><![CDATA[2020-04-24 00:01:27.444  INFO 22688 --- [    Test worker] .b.t.c.SpringBootTestContextBootstrapper : Neither @ContextConfiguration nor @ContextHierarchy found for test class [com.kodilla.spring.forum.ForumUserTestSuite], using SpringBootContextLoader
2020-04-24 00:01:27.445  INFO 22688 --- [    Test worker] o.s.t.c.support.AbstractContextLoader    : Could not detect default resource locations for test class [com.kodilla.spring.forum.ForumUserTestSuite]: no resource found for suffixes {-context.xml, Context.groovy}.
2020-04-24 00:01:27.446  INFO 22688 --- [    Test worker] t.c.s.AnnotationConfigContextLoaderUtils : Could not detect default configuration classes for test class [com.kodilla.spring.forum.ForumUserTestSuite]: ForumUserTestSuite does not declare any static, non-private, non-final, nested classes annotated with @Configuration.
2020-04-24 00:01:27.456  INFO 22688 --- [    Test worker] .b.t.c.SpringBootTestContextBootstrapper : Found @SpringBootConfiguration com.kodilla.spring.SpringRunner for test class com.kodilla.spring.forum.ForumUserTestSuite
2020-04-24 00:01:27.459  INFO 22688 --- [    Test worker] .b.t.c.SpringBootTestContextBootstrapper : Loaded default TestExecutionListener class names from location [META-INF/spring.factories]: [org.springframework.boot.test.autoconfigure.restdocs.RestDocsTestExecutionListener, org.springframework.boot.test.autoconfigure.web.client.MockRestServiceServerResetTestExecutionListener, org.springframework.boot.test.autoconfigure.web.servlet.MockMvcPrintOnlyOnFailureTestExecutionListener, org.springframework.boot.test.autoconfigure.web.servlet.WebDriverTestExecutionListener, org.springframework.boot.test.mock.mockito.MockitoTestExecutionListener, org.springframework.boot.test.mock.mockito.ResetMocksTestExecutionListener, org.springframework.test.context.web.ServletTestExecutionListener, org.springframework.test.context.support.DirtiesContextBeforeModesTestExecutionListener, org.springframework.test.context.support.DependencyInjectionTestExecutionListener, org.springframework.test.context.support.DirtiesContextTestExecutionListener, org.springframework.test.context.transaction.TransactionalTestExecutionListener, org.springframework.test.context.jdbc.SqlScriptsTestExecutionListener]
2020-04-24 00:01:27.461  INFO 22688 --- [    Test worker] .b.t.c.SpringBootTestContextBootstrapper : Using TestExecutionListeners: [org.springframework.test.context.support.DirtiesContextBeforeModesTestExecutionListener@a61eda4, org.springframework.boot.test.mock.mockito.MockitoTestExecutionListener@8c47a33, org.springframework.boot.test.autoconfigure.SpringBootDependencyInjectionTestExecutionListener@41063d62, org.springframework.test.context.support.DirtiesContextTestExecutionListener@5e9a7a0f, org.springframework.boot.test.autoconfigure.restdocs.RestDocsTestExecutionListener@5b93b0b5, org.springframework.boot.test.autoconfigure.web.client.MockRestServiceServerResetTestExecutionListener@70ad4c16, org.springframework.boot.test.autoconfigure.web.servlet.MockMvcPrintOnlyOnFailureTestExecutionListener@30824c, org.springframework.boot.test.autoconfigure.web.servlet.WebDriverTestExecutionListener@df7ca47, org.springframework.boot.test.mock.mockito.ResetMocksTestExecutionListener@4b27d554]
]]></system-out>
  <system-err><![CDATA[]]></system-err>
</testsuite>
