<?xml version="1.0" encoding="UTF-8"?>
<testsuite name="com.kodilla.spring.portfolio.BoardTestSuite" tests="2" skipped="0" failures="0" errors="0" timestamp="2020-04-23T22:01:27" hostname="MBP-zieluzielu" time="0.021">
  <properties/>
  <testcase name="testTaskAdd" classname="com.kodilla.spring.portfolio.BoardTestSuite" time="0.011"/>
  <testcase name="testTaskExists" classname="com.kodilla.spring.portfolio.BoardTestSuite" time="0.01"/>
  <system-out><![CDATA[]]></system-out>
  <system-err><![CDATA[]]></system-err>
</testsuite>
