<?xml version="1.0" encoding="UTF-8"?>
<testsuite name="com.kodilla.spring.forum.ForumUserTestSuite" tests="1" skipped="0" failures="0" errors="0" timestamp="2020-04-23T21:23:16" hostname="MBP-zieluzielu" time="0.136">
  <properties/>
  <testcase name="testGetUserName" classname="com.kodilla.spring.forum.ForumUserTestSuite" time="0.136"/>
  <system-out><![CDATA[2020-04-23 23:23:16.776  INFO 20727 --- [    Test worker] .b.t.c.SpringBootTestContextBootstrapper : Neither @ContextConfiguration nor @ContextHierarchy found for test class [com.kodilla.spring.forum.ForumUserTestSuite], using SpringBootContextLoader
2020-04-23 23:23:16.779  INFO 20727 --- [    Test worker] o.s.t.c.support.AbstractContextLoader    : Could not detect default resource locations for test class [com.kodilla.spring.forum.ForumUserTestSuite]: no resource found for suffixes {-context.xml, Context.groovy}.
2020-04-23 23:23:16.780  INFO 20727 --- [    Test worker] t.c.s.AnnotationConfigContextLoaderUtils : Could not detect default configuration classes for test class [com.kodilla.spring.forum.ForumUserTestSuite]: ForumUserTestSuite does not declare any static, non-private, non-final, nested classes annotated with @Configuration.
2020-04-23 23:23:16.789  INFO 20727 --- [    Test worker] .b.t.c.SpringBootTestContextBootstrapper : Found @SpringBootConfiguration com.kodilla.spring.SpringRunner for test class com.kodilla.spring.forum.ForumUserTestSuite
2020-04-23 23:23:16.791  INFO 20727 --- [    Test worker] .b.t.c.SpringBootTestContextBootstrapper : Loaded default TestExecutionListener class names from location [META-INF/spring.factories]: [org.springframework.boot.test.autoconfigure.restdocs.RestDocsTestExecutionListener, org.springframework.boot.test.autoconfigure.web.client.MockRestServiceServerResetTestExecutionListener, org.springframework.boot.test.autoconfigure.web.servlet.MockMvcPrintOnlyOnFailureTestExecutionListener, org.springframework.boot.test.autoconfigure.web.servlet.WebDriverTestExecutionListener, org.springframework.boot.test.mock.mockito.MockitoTestExecutionListener, org.springframework.boot.test.mock.mockito.ResetMocksTestExecutionListener, org.springframework.test.context.web.ServletTestExecutionListener, org.springframework.test.context.support.DirtiesContextBeforeModesTestExecutionListener, org.springframework.test.context.support.DependencyInjectionTestExecutionListener, org.springframework.test.context.support.DirtiesContextTestExecutionListener, org.springframework.test.context.transaction.TransactionalTestExecutionListener, org.springframework.test.context.jdbc.SqlScriptsTestExecutionListener]
2020-04-23 23:23:16.792  INFO 20727 --- [    Test worker] .b.t.c.SpringBootTestContextBootstrapper : Using TestExecutionListeners: [org.springframework.test.context.support.DirtiesContextBeforeModesTestExecutionListener@7400c007, org.springframework.boot.test.mock.mockito.MockitoTestExecutionListener@7f83c0ab, org.springframework.boot.test.autoconfigure.SpringBootDependencyInjectionTestExecutionListener@7ee30506, org.springframework.test.context.support.DirtiesContextTestExecutionListener@2f08e938, org.springframework.boot.test.autoconfigure.restdocs.RestDocsTestExecutionListener@5dfa1426, org.springframework.boot.test.autoconfigure.web.client.MockRestServiceServerResetTestExecutionListener@3c1d11aa, org.springframework.boot.test.autoconfigure.web.servlet.MockMvcPrintOnlyOnFailureTestExecutionListener@5a30f81a, org.springframework.boot.test.autoconfigure.web.servlet.WebDriverTestExecutionListener@32199b4d, org.springframework.boot.test.mock.mockito.ResetMocksTestExecutionListener@3f4fe20c]
]]></system-out>
  <system-err><![CDATA[]]></system-err>
</testsuite>
