<?xml version="1.0" encoding="UTF-8"?>
<testsuite name="com.kodilla.spring.portfolio.BoardTestSuite" tests="2" skipped="0" failures="0" errors="0" timestamp="2020-04-23T21:23:16" hostname="MBP-zieluzielu" time="0.015">
  <properties/>
  <testcase name="testTaskAdd" classname="com.kodilla.spring.portfolio.BoardTestSuite" time="0.008"/>
  <testcase name="testTaskExists" classname="com.kodilla.spring.portfolio.BoardTestSuite" time="0.007"/>
  <system-out><![CDATA[]]></system-out>
  <system-err><![CDATA[]]></system-err>
</testsuite>
