<?xml version="1.0" encoding="UTF-8"?>
<testsuite name="com.kodilla.testing.loop.testLoopAndConditionalBreakpoints" tests="1" skipped="1" failures="0" errors="0" timestamp="2020-05-25T20:09:52" hostname="MBP-zieluzielu" time="39525.953">
  <properties/>
  <testcase name="testLoop" classname="com.kodilla.testing.loop.testLoopAndConditionalBreakpoints" time="39525.953">
    <skipped/>
  </testcase>
  <system-out><![CDATA[[0] Sum equals:0
[1] Sum equals:1
[2] Sum equals:3
[3] Sum equals:6
[4] Sum equals:10
[5] Sum equals:15
[6] Sum equals:21
[7] Sum equals:28
[8] Sum equals:36
[9] Sum equals:45
[10] Sum equals:55
[11] Sum equals:66
[12] Sum equals:78
[13] Sum equals:91
[14] Sum equals:105
[15] Sum equals:120
[16] Sum equals:136
[17] Sum equals:153
[18] Sum equals:171
[19] Sum equals:190
[20] Sum equals:210
[21] Sum equals:231
[22] Sum equals:253
[23] Sum equals:276
[24] Sum equals:300
[25] Sum equals:325
[26] Sum equals:351
[27] Sum equals:378
[28] Sum equals:406
[29] Sum equals:435
[30] Sum equals:465
[31] Sum equals:496
[32] Sum equals:528
[33] Sum equals:561
[34] Sum equals:595
[35] Sum equals:630
[36] Sum equals:666
[37] Sum equals:703
[38] Sum equals:741
[39] Sum equals:780
[40] Sum equals:820
[41] Sum equals:861
[42] Sum equals:903
[43] Sum equals:946
[44] Sum equals:990
[45] Sum equals:1035
[46] Sum equals:1081
[47] Sum equals:1128
[48] Sum equals:1176
[49] Sum equals:1225
[50] Sum equals:1275
[51] Sum equals:1326
[52] Sum equals:1378
[53] Sum equals:1431
[54] Sum equals:1485
[55] Sum equals:1540
[56] Sum equals:1596
[57] Sum equals:1653
[58] Sum equals:1711
[59] Sum equals:1770
[60] Sum equals:1830
[61] Sum equals:1891
[62] Sum equals:1953
[63] Sum equals:2016
[64] Sum equals:2080
[65] Sum equals:2145
[66] Sum equals:2211
[67] Sum equals:2278
[68] Sum equals:2346
[69] Sum equals:2415
[70] Sum equals:2485
[71] Sum equals:2556
[72] Sum equals:2628
[73] Sum equals:2701
[74] Sum equals:2775
[75] Sum equals:2850
[76] Sum equals:2926
[77] Sum equals:3003
[78] Sum equals:3081
[79] Sum equals:3160
[80] Sum equals:3240
[81] Sum equals:3321
[82] Sum equals:3403
[83] Sum equals:3486
[84] Sum equals:3570
[85] Sum equals:3655
[86] Sum equals:3741
[87] Sum equals:3828
[88] Sum equals:3916
[89] Sum equals:4005
[90] Sum equals:4095
[91] Sum equals:4186
[92] Sum equals:4278
[93] Sum equals:4371
[94] Sum equals:4465
[95] Sum equals:4560
[96] Sum equals:4656
[97] Sum equals:4753
[98] Sum equals:4851
[99] Sum equals:4950
[100] Sum equals:5050
[101] Sum equals:5151
[102] Sum equals:5253
[103] Sum equals:5356
[104] Sum equals:5460
[105] Sum equals:5565
[106] Sum equals:5671
[107] Sum equals:5778
[108] Sum equals:5886
[109] Sum equals:5995
[110] Sum equals:6105
[111] Sum equals:6216
[112] Sum equals:6328
[113] Sum equals:6441
[114] Sum equals:6555
[115] Sum equals:6670
[116] Sum equals:6786
[117] Sum equals:6903
[118] Sum equals:7021
[119] Sum equals:7140
[120] Sum equals:7260
[121] Sum equals:7381
[122] Sum equals:7503
[123] Sum equals:7626
[124] Sum equals:7750
[125] Sum equals:7875
[126] Sum equals:8001
[127] Sum equals:8128
[128] Sum equals:8256
[129] Sum equals:8385
[130] Sum equals:8515
[131] Sum equals:8646
[132] Sum equals:8778
[133] Sum equals:8911
[134] Sum equals:9045
[135] Sum equals:9180
[136] Sum equals:9316
[137] Sum equals:9453
[138] Sum equals:9591
[139] Sum equals:9730
[140] Sum equals:9870
[141] Sum equals:10011
[142] Sum equals:10153
[143] Sum equals:10296
[144] Sum equals:10440
[145] Sum equals:10585
[146] Sum equals:10731
[147] Sum equals:10878
[148] Sum equals:11026
[149] Sum equals:11175
[150] Sum equals:11325
[151] Sum equals:11476
[152] Sum equals:11628
[153] Sum equals:11781
[154] Sum equals:11935
[155] Sum equals:12090
[156] Sum equals:12246
[157] Sum equals:12403
[158] Sum equals:12561
[159] Sum equals:12720
[160] Sum equals:12880
[161] Sum equals:13041
[162] Sum equals:13203
[163] Sum equals:13366
[164] Sum equals:13530
[165] Sum equals:13695
[166] Sum equals:13861
[167] Sum equals:14028
[168] Sum equals:14196
[169] Sum equals:14365
[170] Sum equals:14535
[171] Sum equals:14706
[172] Sum equals:14878
[173] Sum equals:15051
[174] Sum equals:15225
[175] Sum equals:15400
[176] Sum equals:15576
[177] Sum equals:15753
[178] Sum equals:15931
[179] Sum equals:16110
[180] Sum equals:16290
[181] Sum equals:16471
[182] Sum equals:16653
[183] Sum equals:16836
[184] Sum equals:17020
[185] Sum equals:17205
[186] Sum equals:17391
[187] Sum equals:17578
[188] Sum equals:17766
[189] Sum equals:17955
[190] Sum equals:18145
[191] Sum equals:18336
[192] Sum equals:18528
[193] Sum equals:18721
[194] Sum equals:18915
[195] Sum equals:19110
[196] Sum equals:19306
[197] Sum equals:19503
[198] Sum equals:19701
[199] Sum equals:19900
[200] Sum equals:20100
[201] Sum equals:20301
[202] Sum equals:20503
[203] Sum equals:20706
[204] Sum equals:20910
[205] Sum equals:21115
[206] Sum equals:21321
[207] Sum equals:21528
[208] Sum equals:21736
[209] Sum equals:21945
[210] Sum equals:22155
[211] Sum equals:22366
[212] Sum equals:22578
[213] Sum equals:22791
[214] Sum equals:23005
[215] Sum equals:23220
[216] Sum equals:23436
[217] Sum equals:23653
[218] Sum equals:23871
[219] Sum equals:24090
[220] Sum equals:24310
[221] Sum equals:24531
[222] Sum equals:24753
[223] Sum equals:24976
[224] Sum equals:25200
[225] Sum equals:25425
[226] Sum equals:25651
[227] Sum equals:25878
[228] Sum equals:26106
[229] Sum equals:26335
[230] Sum equals:26565
[231] Sum equals:26796
[232] Sum equals:27028
[233] Sum equals:27261
[234] Sum equals:27495
[235] Sum equals:27730
[236] Sum equals:27966
[237] Sum equals:28203
[238] Sum equals:28441
[239] Sum equals:28680
[240] Sum equals:28920
[241] Sum equals:29161
[242] Sum equals:29403
[243] Sum equals:29646
[244] Sum equals:29890
[245] Sum equals:30135
[246] Sum equals:30381
[247] Sum equals:30628
[248] Sum equals:30876
[249] Sum equals:31125
[250] Sum equals:31375
[251] Sum equals:31626
[252] Sum equals:31878
[253] Sum equals:32131
[254] Sum equals:32385
[255] Sum equals:32640
[256] Sum equals:32896
[257] Sum equals:33153
[258] Sum equals:33411
[259] Sum equals:33670
[260] Sum equals:33930
[261] Sum equals:34191
[262] Sum equals:34453
[263] Sum equals:34716
[264] Sum equals:34980
[265] Sum equals:35245
[266] Sum equals:35511
[267] Sum equals:35778
[268] Sum equals:36046
[269] Sum equals:36315
[270] Sum equals:36585
[271] Sum equals:36856
[272] Sum equals:37128
[273] Sum equals:37401
[274] Sum equals:37675
[275] Sum equals:37950
[276] Sum equals:38226
[277] Sum equals:38503
[278] Sum equals:38781
[279] Sum equals:39060
[280] Sum equals:39340
[281] Sum equals:39621
[282] Sum equals:39903
[283] Sum equals:40186
[284] Sum equals:40470
[285] Sum equals:40755
[286] Sum equals:41041
[287] Sum equals:41328
[288] Sum equals:41616
[289] Sum equals:41905
[290] Sum equals:42195
[291] Sum equals:42486
[292] Sum equals:42778
[293] Sum equals:43071
[294] Sum equals:43365
[295] Sum equals:43660
[296] Sum equals:43956
[297] Sum equals:44253
[298] Sum equals:44551
[299] Sum equals:44850
[300] Sum equals:45150
[301] Sum equals:45451
[302] Sum equals:45753
[303] Sum equals:46056
[304] Sum equals:46360
[305] Sum equals:46665
[306] Sum equals:46971
[307] Sum equals:47278
[308] Sum equals:47586
[309] Sum equals:47895
[310] Sum equals:48205
[311] Sum equals:48516
[312] Sum equals:48828
[313] Sum equals:49141
[314] Sum equals:49455
[315] Sum equals:49770
[316] Sum equals:50086
[317] Sum equals:50403
[318] Sum equals:50721
[319] Sum equals:51040
[320] Sum equals:51360
[321] Sum equals:51681
[322] Sum equals:52003
[323] Sum equals:52326
[324] Sum equals:52650
[325] Sum equals:52975
[326] Sum equals:53301
[327] Sum equals:53628
[328] Sum equals:53956
[329] Sum equals:54285
[330] Sum equals:54615
[331] Sum equals:54946
[332] Sum equals:55278
[333] Sum equals:55611
[334] Sum equals:55945
[335] Sum equals:56280
[336] Sum equals:56616
[337] Sum equals:56953
[338] Sum equals:57291
[339] Sum equals:57630
[340] Sum equals:57970
[341] Sum equals:58311
[342] Sum equals:58653
[343] Sum equals:58996
[344] Sum equals:59340
[345] Sum equals:59685
[346] Sum equals:60031
[347] Sum equals:60378
[348] Sum equals:60726
[349] Sum equals:61075
[350] Sum equals:61425
[351] Sum equals:61776
[352] Sum equals:62128
[353] Sum equals:62481
[354] Sum equals:62835
[355] Sum equals:63190
[356] Sum equals:63546
[357] Sum equals:63903
[358] Sum equals:64261
[359] Sum equals:64620
[360] Sum equals:64980
[361] Sum equals:65341
[362] Sum equals:65703
[363] Sum equals:66066
[364] Sum equals:66430
[365] Sum equals:66795
[366] Sum equals:67161
[367] Sum equals:67528
[368] Sum equals:67896
[369] Sum equals:68265
[370] Sum equals:68635
[371] Sum equals:69006
[372] Sum equals:69378
[373] Sum equals:69751
[374] Sum equals:70125
[375] Sum equals:70500
[376] Sum equals:70876
[377] Sum equals:71253
[378] Sum equals:71631
[379] Sum equals:72010
[380] Sum equals:72390
[381] Sum equals:72771
[382] Sum equals:73153
[383] Sum equals:73536
[384] Sum equals:73920
[385] Sum equals:74305
[386] Sum equals:74691
[387] Sum equals:75078
[388] Sum equals:75466
[389] Sum equals:75855
[390] Sum equals:76245
[391] Sum equals:76636
[392] Sum equals:77028
[393] Sum equals:77421
[394] Sum equals:77815
[395] Sum equals:78210
[396] Sum equals:78606
[397] Sum equals:79003
[398] Sum equals:79401
[399] Sum equals:79800
[400] Sum equals:80200
[401] Sum equals:80601
[402] Sum equals:81003
[403] Sum equals:81406
[404] Sum equals:81810
[405] Sum equals:82215
[406] Sum equals:82621
[407] Sum equals:83028
[408] Sum equals:83436
[409] Sum equals:83845
[410] Sum equals:84255
[411] Sum equals:84666
[412] Sum equals:85078
[413] Sum equals:85491
[414] Sum equals:85905
[415] Sum equals:86320
[416] Sum equals:86736
[417] Sum equals:87153
[418] Sum equals:87571
[419] Sum equals:87990
[420] Sum equals:88410
[421] Sum equals:88831
[422] Sum equals:89253
[423] Sum equals:89676
[424] Sum equals:90100
[425] Sum equals:90525
[426] Sum equals:90951
[427] Sum equals:91378
[428] Sum equals:91806
[429] Sum equals:92235
[430] Sum equals:92665
[431] Sum equals:93096
[432] Sum equals:93528
[433] Sum equals:93961
[434] Sum equals:94395
[435] Sum equals:94830
[436] Sum equals:95266
[437] Sum equals:95703
[438] Sum equals:96141
[439] Sum equals:96580
[440] Sum equals:97020
[441] Sum equals:97461
[442] Sum equals:97903
[443] Sum equals:98346
[444] Sum equals:98790
[445] Sum equals:99235
[446] Sum equals:99681
[447] Sum equals:100128
[448] Sum equals:100576
[449] Sum equals:101025
[450] Sum equals:101475
[451] Sum equals:101926
[452] Sum equals:102378
[453] Sum equals:102831
[454] Sum equals:103285
[455] Sum equals:103740
[456] Sum equals:104196
[457] Sum equals:104653
[458] Sum equals:105111
[459] Sum equals:105570
[460] Sum equals:106030
[461] Sum equals:106491
[462] Sum equals:106953
[463] Sum equals:107416
[464] Sum equals:107880
[465] Sum equals:108345
[466] Sum equals:108811
[467] Sum equals:109278
[468] Sum equals:109746
[469] Sum equals:110215
[470] Sum equals:110685
[471] Sum equals:111156
[472] Sum equals:111628
[473] Sum equals:112101
[474] Sum equals:112575
[475] Sum equals:113050
[476] Sum equals:113526
[477] Sum equals:114003
[478] Sum equals:114481
[479] Sum equals:114960
[480] Sum equals:115440
[481] Sum equals:115921
[482] Sum equals:116403
[483] Sum equals:116886
[484] Sum equals:117370
[485] Sum equals:117855
[486] Sum equals:118341
[487] Sum equals:118828
[488] Sum equals:119316
[489] Sum equals:119805
[490] Sum equals:120295
[491] Sum equals:120786
[492] Sum equals:121278
[493] Sum equals:121771
[494] Sum equals:122265
[495] Sum equals:122760
[496] Sum equals:123256
[497] Sum equals:123753
[498] Sum equals:124251
[499] Sum equals:124750
[500] Sum equals:125250
[501] Sum equals:125751
[502] Sum equals:126253
[503] Sum equals:126756
[504] Sum equals:127260
[505] Sum equals:127765
[506] Sum equals:128271
[507] Sum equals:128778
[508] Sum equals:129286
[509] Sum equals:129795
[510] Sum equals:130305
[511] Sum equals:130816
[512] Sum equals:131328
[513] Sum equals:131841
[514] Sum equals:132355
[515] Sum equals:132870
[516] Sum equals:133386
[517] Sum equals:133903
[518] Sum equals:134421
[519] Sum equals:134940
[520] Sum equals:135460
[521] Sum equals:135981
[522] Sum equals:136503
[523] Sum equals:137026
[524] Sum equals:137550
[525] Sum equals:138075
[526] Sum equals:138601
[527] Sum equals:139128
[528] Sum equals:139656
[529] Sum equals:140185
[530] Sum equals:140715
[531] Sum equals:141246
[532] Sum equals:141778
[533] Sum equals:142311
[534] Sum equals:142845
[535] Sum equals:143380
[536] Sum equals:143916
[537] Sum equals:144453
[538] Sum equals:144991
[539] Sum equals:145530
[540] Sum equals:146070
[541] Sum equals:146611
[542] Sum equals:147153
[543] Sum equals:147696
[544] Sum equals:148240
[545] Sum equals:148785
[546] Sum equals:149331
[547] Sum equals:149878
[548] Sum equals:150426
[549] Sum equals:150975
[550] Sum equals:151525
[551] Sum equals:152076
[552] Sum equals:152628
[553] Sum equals:153181
[554] Sum equals:153735
[555] Sum equals:154290
[556] Sum equals:154846
[557] Sum equals:155403
[558] Sum equals:155961
[559] Sum equals:156520
[560] Sum equals:157080
[561] Sum equals:157641
[562] Sum equals:158203
[563] Sum equals:158766
[564] Sum equals:159330
[565] Sum equals:159895
[566] Sum equals:160461
[567] Sum equals:161028
[568] Sum equals:161596
[569] Sum equals:162165
[570] Sum equals:162735
[571] Sum equals:163306
[572] Sum equals:163878
[573] Sum equals:164451
[574] Sum equals:165025
[575] Sum equals:165600
[576] Sum equals:166176
[577] Sum equals:166753
[578] Sum equals:167331
[579] Sum equals:167910
[580] Sum equals:168490
[581] Sum equals:169071
[582] Sum equals:169653
[583] Sum equals:170236
[584] Sum equals:170820
[585] Sum equals:171405
[586] Sum equals:171991
[587] Sum equals:172578
[588] Sum equals:173166
[589] Sum equals:173755
[590] Sum equals:174345
[591] Sum equals:174936
[592] Sum equals:175528
[593] Sum equals:176121
[594] Sum equals:176715
[595] Sum equals:177310
[596] Sum equals:177906
[597] Sum equals:178503
[598] Sum equals:179101
[599] Sum equals:179700
[600] Sum equals:180300
[601] Sum equals:180901
[602] Sum equals:181503
[603] Sum equals:182106
[604] Sum equals:182710
[605] Sum equals:183315
[606] Sum equals:183921
[607] Sum equals:184528
[608] Sum equals:185136
[609] Sum equals:185745
[610] Sum equals:186355
[611] Sum equals:186966
[612] Sum equals:187578
[613] Sum equals:188191
[614] Sum equals:188805
[615] Sum equals:189420
[616] Sum equals:190036
[617] Sum equals:190653
[618] Sum equals:191271
[619] Sum equals:191890
[620] Sum equals:192510
[621] Sum equals:193131
[622] Sum equals:193753
[623] Sum equals:194376
[624] Sum equals:195000
[625] Sum equals:195625
[626] Sum equals:196251
[627] Sum equals:196878
[628] Sum equals:197506
[629] Sum equals:198135
[630] Sum equals:198765
[631] Sum equals:199396
[632] Sum equals:200028
[633] Sum equals:200661
[634] Sum equals:201295
[635] Sum equals:201930
[636] Sum equals:202566
[637] Sum equals:203203
[638] Sum equals:203841
[639] Sum equals:204480
[640] Sum equals:205120
[641] Sum equals:205761
[642] Sum equals:206403
[643] Sum equals:207046
[644] Sum equals:207690
[645] Sum equals:208335
[646] Sum equals:208981
[647] Sum equals:209628
[648] Sum equals:210276
[649] Sum equals:210925
[650] Sum equals:211575
[651] Sum equals:212226
[652] Sum equals:212878
[653] Sum equals:213531
[654] Sum equals:214185
[655] Sum equals:214840
[656] Sum equals:215496
[657] Sum equals:216153
[658] Sum equals:216811
[659] Sum equals:217470
[660] Sum equals:218130
[661] Sum equals:218791
[662] Sum equals:219453
[663] Sum equals:220116
[664] Sum equals:220780
[665] Sum equals:221445
[666] Sum equals:222111
[667] Sum equals:222778
[668] Sum equals:223446
[669] Sum equals:224115
[670] Sum equals:224785
[671] Sum equals:225456
[672] Sum equals:226128
[673] Sum equals:226801
[674] Sum equals:227475
[675] Sum equals:228150
[676] Sum equals:228826
[677] Sum equals:229503
[678] Sum equals:230181
[679] Sum equals:230860
[680] Sum equals:231540
[681] Sum equals:232221
[682] Sum equals:232903
[683] Sum equals:233586
[684] Sum equals:234270
[685] Sum equals:234955
[686] Sum equals:235641
[687] Sum equals:236328
[688] Sum equals:237016
[689] Sum equals:237705
[690] Sum equals:238395
[691] Sum equals:239086
[692] Sum equals:239778
[693] Sum equals:240471
[694] Sum equals:241165
[695] Sum equals:241860
[696] Sum equals:242556
[697] Sum equals:243253
[698] Sum equals:243951
[699] Sum equals:244650
[700] Sum equals:245350
[701] Sum equals:246051
[702] Sum equals:246753
[703] Sum equals:247456
[704] Sum equals:248160
[705] Sum equals:248865
[706] Sum equals:249571
[707] Sum equals:250278
[708] Sum equals:250986
[709] Sum equals:251695
[710] Sum equals:252405
[711] Sum equals:253116
[712] Sum equals:253828
[713] Sum equals:254541
[714] Sum equals:255255
[715] Sum equals:255970
[716] Sum equals:256686
[717] Sum equals:257403
[718] Sum equals:258121
[719] Sum equals:258840
[720] Sum equals:259560
[721] Sum equals:260281
[722] Sum equals:261003
[723] Sum equals:261726
[724] Sum equals:262450
[725] Sum equals:263175
[726] Sum equals:263901
[727] Sum equals:264628
[728] Sum equals:265356
[729] Sum equals:266085
[730] Sum equals:266815
[731] Sum equals:267546
[732] Sum equals:268278
[733] Sum equals:269011
[734] Sum equals:269745
[735] Sum equals:270480
[736] Sum equals:271216
[737] Sum equals:271953
[738] Sum equals:272691
[739] Sum equals:273430
[740] Sum equals:274170
[741] Sum equals:274911
[742] Sum equals:275653
[743] Sum equals:276396
[744] Sum equals:277140
[745] Sum equals:277885
[746] Sum equals:278631
[747] Sum equals:279378
[748] Sum equals:280126
[749] Sum equals:280875
[750] Sum equals:281625
[751] Sum equals:282376
[752] Sum equals:283128
[753] Sum equals:283881
[754] Sum equals:284635
[755] Sum equals:285390
[756] Sum equals:286146
[757] Sum equals:286903
[758] Sum equals:287661
[759] Sum equals:288420
[760] Sum equals:289180
[761] Sum equals:289941
[762] Sum equals:290703
[763] Sum equals:291466
[764] Sum equals:292230
[765] Sum equals:292995
[766] Sum equals:293761
[767] Sum equals:294528
[768] Sum equals:295296
[769] Sum equals:296065
[770] Sum equals:296835
[771] Sum equals:297606
[772] Sum equals:298378
[773] Sum equals:299151
[774] Sum equals:299925
[775] Sum equals:300700
[776] Sum equals:301476
[777] Sum equals:302253
[778] Sum equals:303031
[779] Sum equals:303810
[780] Sum equals:304590
[781] Sum equals:305371
[782] Sum equals:306153
[783] Sum equals:306936
[784] Sum equals:307720
[785] Sum equals:308505
[786] Sum equals:309291
[787] Sum equals:310078
[788] Sum equals:310866
[789] Sum equals:311655
[790] Sum equals:312445
[791] Sum equals:313236
[792] Sum equals:314028
[793] Sum equals:314821
[794] Sum equals:315615
[795] Sum equals:316410
[796] Sum equals:317206
[797] Sum equals:318003
[798] Sum equals:318801
[799] Sum equals:319600
[800] Sum equals:320400
[801] Sum equals:321201
[802] Sum equals:322003
[803] Sum equals:322806
[804] Sum equals:323610
[805] Sum equals:324415
[806] Sum equals:325221
[807] Sum equals:326028
[808] Sum equals:326836
[809] Sum equals:327645
[810] Sum equals:328455
[811] Sum equals:329266
[812] Sum equals:330078
[813] Sum equals:330891
[814] Sum equals:331705
[815] Sum equals:332520
[816] Sum equals:333336
[817] Sum equals:334153
[818] Sum equals:334971
[819] Sum equals:335790
[820] Sum equals:336610
[821] Sum equals:337431
[822] Sum equals:338253
[823] Sum equals:339076
[824] Sum equals:339900
[825] Sum equals:340725
[826] Sum equals:341551
[827] Sum equals:342378
[828] Sum equals:343206
[829] Sum equals:344035
[830] Sum equals:344865
[831] Sum equals:345696
[832] Sum equals:346528
[833] Sum equals:347361
[834] Sum equals:348195
[835] Sum equals:349030
[836] Sum equals:349866
[837] Sum equals:350703
[838] Sum equals:351541
[839] Sum equals:352380
[840] Sum equals:353220
[841] Sum equals:354061
[842] Sum equals:354903
[843] Sum equals:355746
[844] Sum equals:356590
[845] Sum equals:357435
[846] Sum equals:358281
[847] Sum equals:359128
[848] Sum equals:359976
[849] Sum equals:360825
[850] Sum equals:361675
[851] Sum equals:362526
[852] Sum equals:363378
[853] Sum equals:364231
[854] Sum equals:365085
[855] Sum equals:365940
[856] Sum equals:366796
[857] Sum equals:367653
[858] Sum equals:368511
[859] Sum equals:369370
[860] Sum equals:370230
[861] Sum equals:371091
[862] Sum equals:371953
[863] Sum equals:372816
[864] Sum equals:373680
[865] Sum equals:374545
[866] Sum equals:375411
[867] Sum equals:376278
[868] Sum equals:377146
[869] Sum equals:378015
[870] Sum equals:378885
[871] Sum equals:379756
[872] Sum equals:380628
[873] Sum equals:381501
[874] Sum equals:382375
[875] Sum equals:383250
[876] Sum equals:384126
[877] Sum equals:385003
[878] Sum equals:385881
[879] Sum equals:386760
[880] Sum equals:387640
[881] Sum equals:388521
[882] Sum equals:389403
[883] Sum equals:390286
[884] Sum equals:391170
[885] Sum equals:392055
[886] Sum equals:392941
[887] Sum equals:393828
[888] Sum equals:394716
[889] Sum equals:395605
[890] Sum equals:396495
[891] Sum equals:397386
[892] Sum equals:398278
[893] Sum equals:399171
[894] Sum equals:400065
[895] Sum equals:400960
[896] Sum equals:401856
[897] Sum equals:402753
[898] Sum equals:403651
[899] Sum equals:404550
[900] Sum equals:405450
[901] Sum equals:406351
[902] Sum equals:407253
[903] Sum equals:408156
[904] Sum equals:409060
[905] Sum equals:409965
[906] Sum equals:410871
[907] Sum equals:411778
[908] Sum equals:412686
[909] Sum equals:413595
[910] Sum equals:414505
[911] Sum equals:415416
[912] Sum equals:416328
[913] Sum equals:417241
[914] Sum equals:418155
[915] Sum equals:419070
[916] Sum equals:419986
[917] Sum equals:420903
[918] Sum equals:421821
[919] Sum equals:422740
[920] Sum equals:423660
[921] Sum equals:424581
[922] Sum equals:425503
[923] Sum equals:426426
[924] Sum equals:427350
[925] Sum equals:428275
[926] Sum equals:429201
[927] Sum equals:430128
[928] Sum equals:431056
[929] Sum equals:431985
[930] Sum equals:432915
[931] Sum equals:433846
[932] Sum equals:434778
[933] Sum equals:435711
[934] Sum equals:436645
[935] Sum equals:437580
[936] Sum equals:438516
[937] Sum equals:439453
[938] Sum equals:440391
[939] Sum equals:441330
[940] Sum equals:442270
[941] Sum equals:443211
[942] Sum equals:444153
[943] Sum equals:445096
[944] Sum equals:446040
[945] Sum equals:446985
[946] Sum equals:447931
[947] Sum equals:448878
[948] Sum equals:449826
[949] Sum equals:450775
]]></system-out>
  <system-err><![CDATA[]]></system-err>
</testsuite>
