<?xml version="1.0" encoding="UTF-8"?>
<testsuite name="com.kodilla.testing.collection.CollectionTestSuite" tests="2" skipped="0" failures="0" errors="0" timestamp="2020-04-23T21:23:28" hostname="MBP-zieluzielu" time="0.016">
  <properties/>
  <testcase name="testOddNumbersExterminatorEmptyList" classname="com.kodilla.testing.collection.CollectionTestSuite" time="0.012"/>
  <testcase name="testOddNumbersExterminatorNormalList" classname="com.kodilla.testing.collection.CollectionTestSuite" time="0.001"/>
  <system-out><![CDATA[Test Case: Begin.
Test Case: End.
Test Case: Begin.
Test Case: End.
]]></system-out>
  <system-err><![CDATA[]]></system-err>
</testsuite>
