<?xml version="1.0" encoding="UTF-8"?>
<testsuite name="com.kodilla.testing.forum.statistics.StatisticsTestSuite" tests="7" skipped="0" failures="0" errors="0" timestamp="2020-04-23T21:23:28" hostname="MBP-zieluzielu" time="0.051">
  <properties/>
  <testcase name="testCalculateStatistics1" classname="com.kodilla.testing.forum.statistics.StatisticsTestSuite" time="0.031"/>
  <testcase name="testCalculateStatistics2" classname="com.kodilla.testing.forum.statistics.StatisticsTestSuite" time="0.002"/>
  <testcase name="testCalculateStatistics3" classname="com.kodilla.testing.forum.statistics.StatisticsTestSuite" time="0.001"/>
  <testcase name="testCalculateStatistics4" classname="com.kodilla.testing.forum.statistics.StatisticsTestSuite" time="0.002"/>
  <testcase name="testCalculateStatistics5" classname="com.kodilla.testing.forum.statistics.StatisticsTestSuite" time="0.005"/>
  <testcase name="testCalculateStatistics6" classname="com.kodilla.testing.forum.statistics.StatisticsTestSuite" time="0.003"/>
  <testcase name="testCalculateStatistics7" classname="com.kodilla.testing.forum.statistics.StatisticsTestSuite" time="0.003"/>
  <system-out><![CDATA[This is the beginning of the shapes tests.
Preparing to execute test #1
Preparing to execute test #2
Preparing to execute test #3
Preparing to execute test #4
Preparing to execute test #5
Preparing to execute test #6
Preparing to execute test #7
All tests are finished.
]]></system-out>
  <system-err><![CDATA[]]></system-err>
</testsuite>
