<?xml version="1.0" encoding="UTF-8"?>
<testsuite name="com.kodilla.hibernate.task.dao.TaskDaoTestSuite" tests="2" skipped="0" failures="0" errors="0" timestamp="2020-04-23T21:20:31" hostname="MBP-zieluzielu" time="0.053">
  <properties/>
  <testcase name="testTaskDaoFindByDuration" classname="com.kodilla.hibernate.task.dao.TaskDaoTestSuite" time="0.028"/>
  <testcase name="testTaskDaoSave" classname="com.kodilla.hibernate.task.dao.TaskDaoTestSuite" time="0.024"/>
  <system-out><![CDATA[2020-04-23 23:20:31.300  INFO 20612 --- [    Test worker] .b.t.c.SpringBootTestContextBootstrapper : Neither @ContextConfiguration nor @ContextHierarchy found for test class [com.kodilla.hibernate.task.dao.TaskDaoTestSuite], using SpringBootContextLoader
2020-04-23 23:20:31.306  INFO 20612 --- [    Test worker] o.s.t.c.support.AbstractContextLoader    : Could not detect default resource locations for test class [com.kodilla.hibernate.task.dao.TaskDaoTestSuite]: no resource found for suffixes {-context.xml, Context.groovy}.
2020-04-23 23:20:31.307  INFO 20612 --- [    Test worker] t.c.s.AnnotationConfigContextLoaderUtils : Could not detect default configuration classes for test class [com.kodilla.hibernate.task.dao.TaskDaoTestSuite]: TaskDaoTestSuite does not declare any static, non-private, non-final, nested classes annotated with @Configuration.
2020-04-23 23:20:31.322  INFO 20612 --- [    Test worker] .b.t.c.SpringBootTestContextBootstrapper : Found @SpringBootConfiguration com.kodilla.hibernate.KodillaHibernateApplication for test class com.kodilla.hibernate.task.dao.TaskDaoTestSuite
2020-04-23 23:20:31.324  INFO 20612 --- [    Test worker] .b.t.c.SpringBootTestContextBootstrapper : Loaded default TestExecutionListener class names from location [META-INF/spring.factories]: [org.springframework.boot.test.autoconfigure.restdocs.RestDocsTestExecutionListener, org.springframework.boot.test.autoconfigure.web.client.MockRestServiceServerResetTestExecutionListener, org.springframework.boot.test.autoconfigure.web.servlet.MockMvcPrintOnlyOnFailureTestExecutionListener, org.springframework.boot.test.autoconfigure.web.servlet.WebDriverTestExecutionListener, org.springframework.boot.test.mock.mockito.MockitoTestExecutionListener, org.springframework.boot.test.mock.mockito.ResetMocksTestExecutionListener, org.springframework.test.context.web.ServletTestExecutionListener, org.springframework.test.context.support.DirtiesContextBeforeModesTestExecutionListener, org.springframework.test.context.support.DependencyInjectionTestExecutionListener, org.springframework.test.context.support.DirtiesContextTestExecutionListener, org.springframework.test.context.transaction.TransactionalTestExecutionListener, org.springframework.test.context.jdbc.SqlScriptsTestExecutionListener]
2020-04-23 23:20:31.329  INFO 20612 --- [    Test worker] .b.t.c.SpringBootTestContextBootstrapper : Using TestExecutionListeners: [org.springframework.test.context.support.DirtiesContextBeforeModesTestExecutionListener@579cf2a, org.springframework.boot.test.mock.mockito.MockitoTestExecutionListener@41d59cb, org.springframework.boot.test.autoconfigure.SpringBootDependencyInjectionTestExecutionListener@16fcf11d, org.springframework.test.context.support.DirtiesContextTestExecutionListener@40a76509, org.springframework.test.context.transaction.TransactionalTestExecutionListener@b6cf2a8, org.springframework.test.context.jdbc.SqlScriptsTestExecutionListener@6551310f, org.springframework.boot.test.autoconfigure.restdocs.RestDocsTestExecutionListener@145450a1, org.springframework.boot.test.autoconfigure.web.client.MockRestServiceServerResetTestExecutionListener@6fa0f00f, org.springframework.boot.test.autoconfigure.web.servlet.MockMvcPrintOnlyOnFailureTestExecutionListener@3b5b6e1, org.springframework.boot.test.autoconfigure.web.servlet.WebDriverTestExecutionListener@6f8036d1, org.springframework.boot.test.mock.mockito.ResetMocksTestExecutionListener@59e7b2d8]
Hibernate: select next_val as id_val from hibernate_sequence for update
Hibernate: update hibernate_sequence set next_val= ? where next_val=?
Hibernate: insert into tasks (created, description, duration, tasks_financials_id, tasklist_id, id) values (?, ?, ?, ?, ?, ?)
Hibernate: select task0_.id as id1_9_, task0_.created as created2_9_, task0_.description as descript3_9_, task0_.duration as duration4_9_, task0_.tasks_financials_id as tasks_fi5_9_, task0_.tasklist_id as tasklist6_9_ from tasks task0_ where task0_.duration=?
1
Hibernate: select task0_.id as id1_9_0_, task0_.created as created2_9_0_, task0_.description as descript3_9_0_, task0_.duration as duration4_9_0_, task0_.tasks_financials_id as tasks_fi5_9_0_, task0_.tasklist_id as tasklist6_9_0_, taskfinanc1_.id as id1_7_1_, taskfinanc1_.paid as paid2_7_1_, taskfinanc1_.price as price3_7_1_, tasklist2_.id as id1_8_2_, tasklist2_.description as descript2_8_2_, tasklist2_.listname as listname3_8_2_ from tasks task0_ left outer join task_financials taskfinanc1_ on task0_.tasks_financials_id=taskfinanc1_.id left outer join tasklist tasklist2_ on task0_.tasklist_id=tasklist2_.id where task0_.id=?
Hibernate: delete from tasks where id=?
Hibernate: select next_val as id_val from hibernate_sequence for update
Hibernate: update hibernate_sequence set next_val= ? where next_val=?
Hibernate: insert into tasks (created, description, duration, tasks_financials_id, tasklist_id, id) values (?, ?, ?, ?, ?, ?)
Hibernate: select task0_.id as id1_9_0_, task0_.created as created2_9_0_, task0_.description as descript3_9_0_, task0_.duration as duration4_9_0_, task0_.tasks_financials_id as tasks_fi5_9_0_, task0_.tasklist_id as tasklist6_9_0_, taskfinanc1_.id as id1_7_1_, taskfinanc1_.paid as paid2_7_1_, taskfinanc1_.price as price3_7_1_, tasklist2_.id as id1_8_2_, tasklist2_.description as descript2_8_2_, tasklist2_.listname as listname3_8_2_ from tasks task0_ left outer join task_financials taskfinanc1_ on task0_.tasks_financials_id=taskfinanc1_.id left outer join tasklist tasklist2_ on task0_.tasklist_id=tasklist2_.id where task0_.id=?
Hibernate: select task0_.id as id1_9_0_, task0_.created as created2_9_0_, task0_.description as descript3_9_0_, task0_.duration as duration4_9_0_, task0_.tasks_financials_id as tasks_fi5_9_0_, task0_.tasklist_id as tasklist6_9_0_, taskfinanc1_.id as id1_7_1_, taskfinanc1_.paid as paid2_7_1_, taskfinanc1_.price as price3_7_1_, tasklist2_.id as id1_8_2_, tasklist2_.description as descript2_8_2_, tasklist2_.listname as listname3_8_2_ from tasks task0_ left outer join task_financials taskfinanc1_ on task0_.tasks_financials_id=taskfinanc1_.id left outer join tasklist tasklist2_ on task0_.tasklist_id=tasklist2_.id where task0_.id=?
Hibernate: delete from tasks where id=?
]]></system-out>
  <system-err><![CDATA[]]></system-err>
</testsuite>
