<?xml version="1.0" encoding="UTF-8"?>
<testsuite name="com.kodilla.hibernate.invoice.dao.InvoiceDaoTestSuite" tests="1" skipped="0" failures="0" errors="0" timestamp="2020-04-23T21:20:31" hostname="MBP-zieluzielu" time="0.128">
  <properties/>
  <testcase name="testInvoiceDaoSave" classname="com.kodilla.hibernate.invoice.dao.InvoiceDaoTestSuite" time="0.128"/>
  <system-out><![CDATA[2020-04-23 23:20:31.432  INFO 20612 --- [    Test worker] .b.t.c.SpringBootTestContextBootstrapper : Neither @ContextConfiguration nor @ContextHierarchy found for test class [com.kodilla.hibernate.invoice.dao.InvoiceDaoTestSuite], using SpringBootContextLoader
2020-04-23 23:20:31.433  INFO 20612 --- [    Test worker] o.s.t.c.support.AbstractContextLoader    : Could not detect default resource locations for test class [com.kodilla.hibernate.invoice.dao.InvoiceDaoTestSuite]: no resource found for suffixes {-context.xml, Context.groovy}.
2020-04-23 23:20:31.434  INFO 20612 --- [    Test worker] t.c.s.AnnotationConfigContextLoaderUtils : Could not detect default configuration classes for test class [com.kodilla.hibernate.invoice.dao.InvoiceDaoTestSuite]: InvoiceDaoTestSuite does not declare any static, non-private, non-final, nested classes annotated with @Configuration.
2020-04-23 23:20:31.448  INFO 20612 --- [    Test worker] .b.t.c.SpringBootTestContextBootstrapper : Found @SpringBootConfiguration com.kodilla.hibernate.KodillaHibernateApplication for test class com.kodilla.hibernate.invoice.dao.InvoiceDaoTestSuite
2020-04-23 23:20:31.451  INFO 20612 --- [    Test worker] .b.t.c.SpringBootTestContextBootstrapper : Loaded default TestExecutionListener class names from location [META-INF/spring.factories]: [org.springframework.boot.test.autoconfigure.restdocs.RestDocsTestExecutionListener, org.springframework.boot.test.autoconfigure.web.client.MockRestServiceServerResetTestExecutionListener, org.springframework.boot.test.autoconfigure.web.servlet.MockMvcPrintOnlyOnFailureTestExecutionListener, org.springframework.boot.test.autoconfigure.web.servlet.WebDriverTestExecutionListener, org.springframework.boot.test.mock.mockito.MockitoTestExecutionListener, org.springframework.boot.test.mock.mockito.ResetMocksTestExecutionListener, org.springframework.test.context.web.ServletTestExecutionListener, org.springframework.test.context.support.DirtiesContextBeforeModesTestExecutionListener, org.springframework.test.context.support.DependencyInjectionTestExecutionListener, org.springframework.test.context.support.DirtiesContextTestExecutionListener, org.springframework.test.context.transaction.TransactionalTestExecutionListener, org.springframework.test.context.jdbc.SqlScriptsTestExecutionListener]
2020-04-23 23:20:31.452  INFO 20612 --- [    Test worker] .b.t.c.SpringBootTestContextBootstrapper : Using TestExecutionListeners: [org.springframework.test.context.support.DirtiesContextBeforeModesTestExecutionListener@67824ed7, org.springframework.boot.test.mock.mockito.MockitoTestExecutionListener@b8a33b, org.springframework.boot.test.autoconfigure.SpringBootDependencyInjectionTestExecutionListener@6fd65b40, org.springframework.test.context.support.DirtiesContextTestExecutionListener@2eac1b14, org.springframework.test.context.transaction.TransactionalTestExecutionListener@5b2d1ce0, org.springframework.test.context.jdbc.SqlScriptsTestExecutionListener@1ec9cdc5, org.springframework.boot.test.autoconfigure.restdocs.RestDocsTestExecutionListener@43189907, org.springframework.boot.test.autoconfigure.web.client.MockRestServiceServerResetTestExecutionListener@d224ecb, org.springframework.boot.test.autoconfigure.web.servlet.MockMvcPrintOnlyOnFailureTestExecutionListener@3edb8993, org.springframework.boot.test.autoconfigure.web.servlet.WebDriverTestExecutionListener@6e2cdc68, org.springframework.boot.test.mock.mockito.ResetMocksTestExecutionListener@69fbb00b]
Hibernate: select next_val as id_val from hibernate_sequence for update
Hibernate: update hibernate_sequence set next_val= ? where next_val=?
Hibernate: select next_val as id_val from hibernate_sequence for update
Hibernate: update hibernate_sequence set next_val= ? where next_val=?
Hibernate: select next_val as id_val from hibernate_sequence for update
Hibernate: update hibernate_sequence set next_val= ? where next_val=?
Hibernate: select next_val as id_val from hibernate_sequence for update
Hibernate: update hibernate_sequence set next_val= ? where next_val=?
Hibernate: select next_val as id_val from hibernate_sequence for update
Hibernate: update hibernate_sequence set next_val= ? where next_val=?
Hibernate: insert into invoices (invoice_number, invoice_id) values (?, ?)
Hibernate: insert into products (product_name, product_id) values (?, ?)
Hibernate: insert into items (price, product_id, quantity, value, item_id) values (?, ?, ?, ?, ?)
Hibernate: insert into products (product_name, product_id) values (?, ?)
Hibernate: insert into items (price, product_id, quantity, value, item_id) values (?, ?, ?, ?, ?)
Hibernate: insert into invoices_items (invoice_invoice_id, items_item_id) values (?, ?)
Hibernate: insert into invoices_items (invoice_invoice_id, items_item_id) values (?, ?)
Hibernate: SELECT * FROM INVOICES WHERE INVOICE_NUMBER = ?
Hibernate: select items0_.invoice_invoice_id as invoice_1_3_0_, items0_.items_item_id as items_it2_3_0_, item1_.item_id as item_id1_4_1_, item1_.price as price2_4_1_, item1_.product_id as product_5_4_1_, item1_.quantity as quantity3_4_1_, item1_.value as value4_4_1_, product2_.product_id as product_1_6_2_, product2_.product_name as product_2_6_2_ from invoices_items items0_ inner join items item1_ on items0_.items_item_id=item1_.item_id left outer join products product2_ on item1_.product_id=product2_.product_id where items0_.invoice_invoice_id=?
Hibernate: select item0_.item_id as item_id1_4_, item0_.price as price2_4_, item0_.product_id as product_5_4_, item0_.quantity as quantity3_4_, item0_.value as value4_4_ from items item0_ where item0_.value=?
Hibernate: select product0_.product_id as product_1_6_0_, product0_.product_name as product_2_6_0_ from products product0_ where product0_.product_id=?
Hibernate: SELECT p.PRODUCT_NAME FROM INVOICES inv JOIN INVOICES_ITEMS init ON inv.INVOICE_ID=init.INVOICE_INVOICE_ID JOIN ITEMS it ON init.ITEMS_ITEM_ID=it.ITEM_ID JOIN PRODUCTS p ON p.PRODUCT_ID=it.PRODUCT_ID WHERE inv.INVOICE_NUMBER = ?
Hibernate: select invoice0_.invoice_id as invoice_1_2_, invoice0_.invoice_number as invoice_2_2_ from invoices invoice0_
Hibernate: select items0_.invoice_invoice_id as invoice_1_3_0_, items0_.items_item_id as items_it2_3_0_, item1_.item_id as item_id1_4_1_, item1_.price as price2_4_1_, item1_.product_id as product_5_4_1_, item1_.quantity as quantity3_4_1_, item1_.value as value4_4_1_, product2_.product_id as product_1_6_2_, product2_.product_name as product_2_6_2_ from invoices_items items0_ inner join items item1_ on items0_.items_item_id=item1_.item_id left outer join products product2_ on item1_.product_id=product2_.product_id where items0_.invoice_invoice_id=?
Hibernate: delete from invoices_items where invoice_invoice_id=?
Hibernate: delete from items where item_id=?
Hibernate: delete from products where product_id=?
Hibernate: delete from items where item_id=?
Hibernate: delete from products where product_id=?
Hibernate: delete from invoices where invoice_id=?
Hibernate: select item0_.item_id as item_id1_4_, item0_.price as price2_4_, item0_.product_id as product_5_4_, item0_.quantity as quantity3_4_, item0_.value as value4_4_ from items item0_
Hibernate: select product0_.product_id as product_1_6_, product0_.product_name as product_2_6_ from products product0_
]]></system-out>
  <system-err><![CDATA[]]></system-err>
</testsuite>
