<?xml version="1.0" encoding="UTF-8"?>
<testsuite name="com.kodilla.hibernate.KodillaHibernateApplicationTests" tests="1" skipped="0" failures="0" errors="0" timestamp="2020-04-23T21:20:30" hostname="MBP-zieluzielu" time="0.005">
  <properties/>
  <testcase name="contextLoads" classname="com.kodilla.hibernate.KodillaHibernateApplicationTests" time="0.005"/>
  <system-out><![CDATA[2020-04-23 23:20:30.957  INFO 20612 --- [    Test worker] .b.t.c.SpringBootTestContextBootstrapper : Neither @ContextConfiguration nor @ContextHierarchy found for test class [com.kodilla.hibernate.KodillaHibernateApplicationTests], using SpringBootContextLoader
2020-04-23 23:20:30.958  INFO 20612 --- [    Test worker] o.s.t.c.support.AbstractContextLoader    : Could not detect default resource locations for test class [com.kodilla.hibernate.KodillaHibernateApplicationTests]: no resource found for suffixes {-context.xml, Context.groovy}.
2020-04-23 23:20:30.959  INFO 20612 --- [    Test worker] t.c.s.AnnotationConfigContextLoaderUtils : Could not detect default configuration classes for test class [com.kodilla.hibernate.KodillaHibernateApplicationTests]: KodillaHibernateApplicationTests does not declare any static, non-private, non-final, nested classes annotated with @Configuration.
2020-04-23 23:20:30.966  INFO 20612 --- [    Test worker] .b.t.c.SpringBootTestContextBootstrapper : Found @SpringBootConfiguration com.kodilla.hibernate.KodillaHibernateApplication for test class com.kodilla.hibernate.KodillaHibernateApplicationTests
2020-04-23 23:20:30.968  INFO 20612 --- [    Test worker] .b.t.c.SpringBootTestContextBootstrapper : Loaded default TestExecutionListener class names from location [META-INF/spring.factories]: [org.springframework.boot.test.autoconfigure.restdocs.RestDocsTestExecutionListener, org.springframework.boot.test.autoconfigure.web.client.MockRestServiceServerResetTestExecutionListener, org.springframework.boot.test.autoconfigure.web.servlet.MockMvcPrintOnlyOnFailureTestExecutionListener, org.springframework.boot.test.autoconfigure.web.servlet.WebDriverTestExecutionListener, org.springframework.boot.test.mock.mockito.MockitoTestExecutionListener, org.springframework.boot.test.mock.mockito.ResetMocksTestExecutionListener, org.springframework.test.context.web.ServletTestExecutionListener, org.springframework.test.context.support.DirtiesContextBeforeModesTestExecutionListener, org.springframework.test.context.support.DependencyInjectionTestExecutionListener, org.springframework.test.context.support.DirtiesContextTestExecutionListener, org.springframework.test.context.transaction.TransactionalTestExecutionListener, org.springframework.test.context.jdbc.SqlScriptsTestExecutionListener]
2020-04-23 23:20:30.970  INFO 20612 --- [    Test worker] .b.t.c.SpringBootTestContextBootstrapper : Using TestExecutionListeners: [org.springframework.test.context.support.DirtiesContextBeforeModesTestExecutionListener@4409146e, org.springframework.boot.test.mock.mockito.MockitoTestExecutionListener@5aae8114, org.springframework.boot.test.autoconfigure.SpringBootDependencyInjectionTestExecutionListener@5316d77a, org.springframework.test.context.support.DirtiesContextTestExecutionListener@68a92f80, org.springframework.test.context.transaction.TransactionalTestExecutionListener@648ffc9f, org.springframework.test.context.jdbc.SqlScriptsTestExecutionListener@4a07773b, org.springframework.boot.test.autoconfigure.restdocs.RestDocsTestExecutionListener@2f4fd406, org.springframework.boot.test.autoconfigure.web.client.MockRestServiceServerResetTestExecutionListener@e3b3b40, org.springframework.boot.test.autoconfigure.web.servlet.MockMvcPrintOnlyOnFailureTestExecutionListener@154b551c, org.springframework.boot.test.autoconfigure.web.servlet.WebDriverTestExecutionListener@64844621, org.springframework.boot.test.mock.mockito.ResetMocksTestExecutionListener@35ba4153]
]]></system-out>
  <system-err><![CDATA[]]></system-err>
</testsuite>
