<?xml version="1.0" encoding="UTF-8"?>
<testsuite name="com.kodilla.hibernate.tasklist.dao.TaskListDaoTestSuite" tests="1" skipped="0" failures="0" errors="0" timestamp="2020-04-23T21:20:31" hostname="MBP-zieluzielu" time="0.283">
  <properties/>
  <testcase name="testNamedQueries" classname="com.kodilla.hibernate.tasklist.dao.TaskListDaoTestSuite" time="0.283"/>
  <system-out><![CDATA[2020-04-23 23:20:30.983  INFO 20612 --- [    Test worker] .b.t.c.SpringBootTestContextBootstrapper : Neither @ContextConfiguration nor @ContextHierarchy found for test class [com.kodilla.hibernate.tasklist.dao.TaskListDaoTestSuite], using SpringBootContextLoader
2020-04-23 23:20:30.985  INFO 20612 --- [    Test worker] o.s.t.c.support.AbstractContextLoader    : Could not detect default resource locations for test class [com.kodilla.hibernate.tasklist.dao.TaskListDaoTestSuite]: no resource found for suffixes {-context.xml, Context.groovy}.
2020-04-23 23:20:30.987  INFO 20612 --- [    Test worker] t.c.s.AnnotationConfigContextLoaderUtils : Could not detect default configuration classes for test class [com.kodilla.hibernate.tasklist.dao.TaskListDaoTestSuite]: TaskListDaoTestSuite does not declare any static, non-private, non-final, nested classes annotated with @Configuration.
2020-04-23 23:20:31.003  INFO 20612 --- [    Test worker] .b.t.c.SpringBootTestContextBootstrapper : Found @SpringBootConfiguration com.kodilla.hibernate.KodillaHibernateApplication for test class com.kodilla.hibernate.tasklist.dao.TaskListDaoTestSuite
2020-04-23 23:20:31.006  INFO 20612 --- [    Test worker] .b.t.c.SpringBootTestContextBootstrapper : Loaded default TestExecutionListener class names from location [META-INF/spring.factories]: [org.springframework.boot.test.autoconfigure.restdocs.RestDocsTestExecutionListener, org.springframework.boot.test.autoconfigure.web.client.MockRestServiceServerResetTestExecutionListener, org.springframework.boot.test.autoconfigure.web.servlet.MockMvcPrintOnlyOnFailureTestExecutionListener, org.springframework.boot.test.autoconfigure.web.servlet.WebDriverTestExecutionListener, org.springframework.boot.test.mock.mockito.MockitoTestExecutionListener, org.springframework.boot.test.mock.mockito.ResetMocksTestExecutionListener, org.springframework.test.context.web.ServletTestExecutionListener, org.springframework.test.context.support.DirtiesContextBeforeModesTestExecutionListener, org.springframework.test.context.support.DependencyInjectionTestExecutionListener, org.springframework.test.context.support.DirtiesContextTestExecutionListener, org.springframework.test.context.transaction.TransactionalTestExecutionListener, org.springframework.test.context.jdbc.SqlScriptsTestExecutionListener]
2020-04-23 23:20:31.008  INFO 20612 --- [    Test worker] .b.t.c.SpringBootTestContextBootstrapper : Using TestExecutionListeners: [org.springframework.test.context.support.DirtiesContextBeforeModesTestExecutionListener@5351b09a, org.springframework.boot.test.mock.mockito.MockitoTestExecutionListener@45fe9d42, org.springframework.boot.test.autoconfigure.SpringBootDependencyInjectionTestExecutionListener@4d7c430e, org.springframework.test.context.support.DirtiesContextTestExecutionListener@54773f09, org.springframework.test.context.transaction.TransactionalTestExecutionListener@afc907d, org.springframework.test.context.jdbc.SqlScriptsTestExecutionListener@3bd918ed, org.springframework.boot.test.autoconfigure.restdocs.RestDocsTestExecutionListener@149258ab, org.springframework.boot.test.autoconfigure.web.client.MockRestServiceServerResetTestExecutionListener@7970b247, org.springframework.boot.test.autoconfigure.web.servlet.MockMvcPrintOnlyOnFailureTestExecutionListener@1761aa6c, org.springframework.boot.test.autoconfigure.web.servlet.WebDriverTestExecutionListener@640cd61d, org.springframework.boot.test.mock.mockito.ResetMocksTestExecutionListener@625d9d37]
Hibernate: select next_val as id_val from hibernate_sequence for update
Hibernate: update hibernate_sequence set next_val= ? where next_val=?
Hibernate: select next_val as id_val from hibernate_sequence for update
Hibernate: update hibernate_sequence set next_val= ? where next_val=?
Hibernate: select next_val as id_val from hibernate_sequence for update
Hibernate: update hibernate_sequence set next_val= ? where next_val=?
Hibernate: select next_val as id_val from hibernate_sequence for update
Hibernate: update hibernate_sequence set next_val= ? where next_val=?
Hibernate: select next_val as id_val from hibernate_sequence for update
Hibernate: update hibernate_sequence set next_val= ? where next_val=?
Hibernate: select next_val as id_val from hibernate_sequence for update
Hibernate: update hibernate_sequence set next_val= ? where next_val=?
Hibernate: select next_val as id_val from hibernate_sequence for update
Hibernate: update hibernate_sequence set next_val= ? where next_val=?
Hibernate: select next_val as id_val from hibernate_sequence for update
Hibernate: update hibernate_sequence set next_val= ? where next_val=?
Hibernate: select next_val as id_val from hibernate_sequence for update
Hibernate: update hibernate_sequence set next_val= ? where next_val=?
Hibernate: insert into tasklist (description, listname, id) values (?, ?, ?)
Hibernate: insert into task_financials (paid, price, id) values (?, ?, ?)
Hibernate: insert into tasks (created, description, duration, tasks_financials_id, tasklist_id, id) values (?, ?, ?, ?, ?, ?)
Hibernate: insert into task_financials (paid, price, id) values (?, ?, ?)
Hibernate: insert into tasks (created, description, duration, tasks_financials_id, tasklist_id, id) values (?, ?, ?, ?, ?, ?)
Hibernate: insert into task_financials (paid, price, id) values (?, ?, ?)
Hibernate: insert into tasks (created, description, duration, tasks_financials_id, tasklist_id, id) values (?, ?, ?, ?, ?, ?)
Hibernate: insert into task_financials (paid, price, id) values (?, ?, ?)
Hibernate: insert into tasks (created, description, duration, tasks_financials_id, tasklist_id, id) values (?, ?, ?, ?, ?, ?)
Hibernate: select task0_.id as id1_9_, task0_.created as created2_9_, task0_.description as descript3_9_, task0_.duration as duration4_9_, task0_.tasks_financials_id as tasks_fi5_9_, task0_.tasklist_id as tasklist6_9_ from tasks task0_ where task0_.duration>10
Hibernate: select taskfinanc0_.id as id1_7_0_, taskfinanc0_.paid as paid2_7_0_, taskfinanc0_.price as price3_7_0_ from task_financials taskfinanc0_ where taskfinanc0_.id=?
Hibernate: select tasklist0_.id as id1_8_0_, tasklist0_.description as descript2_8_0_, tasklist0_.listname as listname3_8_0_, tasks1_.tasklist_id as tasklist6_9_1_, tasks1_.id as id1_9_1_, tasks1_.id as id1_9_2_, tasks1_.created as created2_9_2_, tasks1_.description as descript3_9_2_, tasks1_.duration as duration4_9_2_, tasks1_.tasks_financials_id as tasks_fi5_9_2_, tasks1_.tasklist_id as tasklist6_9_2_, taskfinanc2_.id as id1_7_3_, taskfinanc2_.paid as paid2_7_3_, taskfinanc2_.price as price3_7_3_ from tasklist tasklist0_ left outer join tasks tasks1_ on tasklist0_.id=tasks1_.tasklist_id left outer join task_financials taskfinanc2_ on tasks1_.tasks_financials_id=taskfinanc2_.id where tasklist0_.id=?
Hibernate: select task0_.id as id1_9_, task0_.created as created2_9_, task0_.description as descript3_9_, task0_.duration as duration4_9_, task0_.tasks_financials_id as tasks_fi5_9_, task0_.tasklist_id as tasklist6_9_ from tasks task0_ where task0_.duration<=10
Hibernate: select taskfinanc0_.id as id1_7_0_, taskfinanc0_.paid as paid2_7_0_, taskfinanc0_.price as price3_7_0_ from task_financials taskfinanc0_ where taskfinanc0_.id=?
Hibernate: select tasklist0_.id as id1_8_0_, tasklist0_.description as descript2_8_0_, tasklist0_.listname as listname3_8_0_, tasks1_.tasklist_id as tasklist6_9_1_, tasks1_.id as id1_9_1_, tasks1_.id as id1_9_2_, tasks1_.created as created2_9_2_, tasks1_.description as descript3_9_2_, tasks1_.duration as duration4_9_2_, tasks1_.tasks_financials_id as tasks_fi5_9_2_, tasks1_.tasklist_id as tasklist6_9_2_, taskfinanc2_.id as id1_7_3_, taskfinanc2_.paid as paid2_7_3_, taskfinanc2_.price as price3_7_3_ from tasklist tasklist0_ left outer join tasks tasks1_ on tasklist0_.id=tasks1_.tasklist_id left outer join task_financials taskfinanc2_ on tasks1_.tasks_financials_id=taskfinanc2_.id where tasklist0_.id=?
Hibernate: SELECT * FROM TASKS WHERE DATEDIFF(DATE_ADD(CREATED, INTERVAL DURATION DAY), NOW()) > 5
Hibernate: select taskfinanc0_.id as id1_7_0_, taskfinanc0_.paid as paid2_7_0_, taskfinanc0_.price as price3_7_0_ from task_financials taskfinanc0_ where taskfinanc0_.id=?
Hibernate: select tasklist0_.id as id1_8_0_, tasklist0_.description as descript2_8_0_, tasklist0_.listname as listname3_8_0_, tasks1_.tasklist_id as tasklist6_9_1_, tasks1_.id as id1_9_1_, tasks1_.id as id1_9_2_, tasks1_.created as created2_9_2_, tasks1_.description as descript3_9_2_, tasks1_.duration as duration4_9_2_, tasks1_.tasks_financials_id as tasks_fi5_9_2_, tasks1_.tasklist_id as tasklist6_9_2_, taskfinanc2_.id as id1_7_3_, taskfinanc2_.paid as paid2_7_3_, taskfinanc2_.price as price3_7_3_ from tasklist tasklist0_ left outer join tasks tasks1_ on tasklist0_.id=tasks1_.tasklist_id left outer join task_financials taskfinanc2_ on tasks1_.tasks_financials_id=taskfinanc2_.id where tasklist0_.id=?
Hibernate: select task0_.id as id1_9_, task0_.created as created2_9_, task0_.description as descript3_9_, task0_.duration as duration4_9_, task0_.tasks_financials_id as tasks_fi5_9_, task0_.tasklist_id as tasklist6_9_ from tasks task0_ where task0_.duration>?
Hibernate: select taskfinanc0_.id as id1_7_0_, taskfinanc0_.paid as paid2_7_0_, taskfinanc0_.price as price3_7_0_ from task_financials taskfinanc0_ where taskfinanc0_.id=?
Hibernate: select tasklist0_.id as id1_8_0_, tasklist0_.description as descript2_8_0_, tasklist0_.listname as listname3_8_0_, tasks1_.tasklist_id as tasklist6_9_1_, tasks1_.id as id1_9_1_, tasks1_.id as id1_9_2_, tasks1_.created as created2_9_2_, tasks1_.description as descript3_9_2_, tasks1_.duration as duration4_9_2_, tasks1_.tasks_financials_id as tasks_fi5_9_2_, tasks1_.tasklist_id as tasklist6_9_2_, taskfinanc2_.id as id1_7_3_, taskfinanc2_.paid as paid2_7_3_, taskfinanc2_.price as price3_7_3_ from tasklist tasklist0_ left outer join tasks tasks1_ on tasklist0_.id=tasks1_.tasklist_id left outer join task_financials taskfinanc2_ on tasks1_.tasks_financials_id=taskfinanc2_.id where tasklist0_.id=?
Hibernate: select tasklist0_.id as id1_8_0_, tasklist0_.description as descript2_8_0_, tasklist0_.listname as listname3_8_0_, tasks1_.tasklist_id as tasklist6_9_1_, tasks1_.id as id1_9_1_, tasks1_.id as id1_9_2_, tasks1_.created as created2_9_2_, tasks1_.description as descript3_9_2_, tasks1_.duration as duration4_9_2_, tasks1_.tasks_financials_id as tasks_fi5_9_2_, tasks1_.tasklist_id as tasklist6_9_2_, taskfinanc2_.id as id1_7_3_, taskfinanc2_.paid as paid2_7_3_, taskfinanc2_.price as price3_7_3_ from tasklist tasklist0_ left outer join tasks tasks1_ on tasklist0_.id=tasks1_.tasklist_id left outer join task_financials taskfinanc2_ on tasks1_.tasks_financials_id=taskfinanc2_.id where tasklist0_.id=?
Hibernate: delete from tasks where id=?
Hibernate: delete from task_financials where id=?
Hibernate: delete from tasks where id=?
Hibernate: delete from task_financials where id=?
Hibernate: delete from tasks where id=?
Hibernate: delete from task_financials where id=?
Hibernate: delete from tasks where id=?
Hibernate: delete from task_financials where id=?
Hibernate: delete from tasklist where id=?
Hibernate: select task0_.id as id1_9_, task0_.created as created2_9_, task0_.description as descript3_9_, task0_.duration as duration4_9_, task0_.tasks_financials_id as tasks_fi5_9_, task0_.tasklist_id as tasklist6_9_ from tasks task0_
]]></system-out>
  <system-err><![CDATA[]]></system-err>
</testsuite>
