<?xml version="1.0" encoding="UTF-8"?>
<testsuite name="com.kodilla.hibernate.manytomany.dao.facade.SearchFacadeTestSuite" tests="2" skipped="0" failures="0" errors="0" timestamp="2020-05-09T15:45:04" hostname="MBP-zieluzielu" time="0.371">
  <properties/>
  <testcase name="testSearchCompany" classname="com.kodilla.hibernate.manytomany.dao.facade.SearchFacadeTestSuite" time="0.332"/>
  <testcase name="testSearchEmployee" classname="com.kodilla.hibernate.manytomany.dao.facade.SearchFacadeTestSuite" time="0.038"/>
  <system-out><![CDATA[17:44:57.296 [Test worker] DEBUG org.springframework.test.context.junit4.SpringJUnit4ClassRunner - SpringJUnit4ClassRunner constructor called with [class com.kodilla.hibernate.manytomany.dao.facade.SearchFacadeTestSuite]
17:44:57.309 [Test worker] DEBUG org.springframework.test.context.BootstrapUtils - Instantiating CacheAwareContextLoaderDelegate from class [org.springframework.test.context.cache.DefaultCacheAwareContextLoaderDelegate]
17:44:57.318 [Test worker] DEBUG org.springframework.test.context.BootstrapUtils - Instantiating BootstrapContext using constructor [public org.springframework.test.context.support.DefaultBootstrapContext(java.lang.Class,org.springframework.test.context.CacheAwareContextLoaderDelegate)]
17:44:57.350 [Test worker] DEBUG org.springframework.test.context.BootstrapUtils - Instantiating TestContextBootstrapper for test class [com.kodilla.hibernate.manytomany.dao.facade.SearchFacadeTestSuite] from class [org.springframework.boot.test.context.SpringBootTestContextBootstrapper]
17:44:57.378 [Test worker] INFO org.springframework.boot.test.context.SpringBootTestContextBootstrapper - Neither @ContextConfiguration nor @ContextHierarchy found for test class [com.kodilla.hibernate.manytomany.dao.facade.SearchFacadeTestSuite], using SpringBootContextLoader
17:44:57.382 [Test worker] DEBUG org.springframework.test.context.support.AbstractContextLoader - Did not detect default resource location for test class [com.kodilla.hibernate.manytomany.dao.facade.SearchFacadeTestSuite]: class path resource [com/kodilla/hibernate/manytomany/dao/facade/SearchFacadeTestSuite-context.xml] does not exist
17:44:57.383 [Test worker] DEBUG org.springframework.test.context.support.AbstractContextLoader - Did not detect default resource location for test class [com.kodilla.hibernate.manytomany.dao.facade.SearchFacadeTestSuite]: class path resource [com/kodilla/hibernate/manytomany/dao/facade/SearchFacadeTestSuiteContext.groovy] does not exist
17:44:57.383 [Test worker] INFO org.springframework.test.context.support.AbstractContextLoader - Could not detect default resource locations for test class [com.kodilla.hibernate.manytomany.dao.facade.SearchFacadeTestSuite]: no resource found for suffixes {-context.xml, Context.groovy}.
17:44:57.385 [Test worker] INFO org.springframework.test.context.support.AnnotationConfigContextLoaderUtils - Could not detect default configuration classes for test class [com.kodilla.hibernate.manytomany.dao.facade.SearchFacadeTestSuite]: SearchFacadeTestSuite does not declare any static, non-private, non-final, nested classes annotated with @Configuration.
17:44:57.452 [Test worker] DEBUG org.springframework.test.context.support.ActiveProfilesUtils - Could not find an 'annotation declaring class' for annotation type [org.springframework.test.context.ActiveProfiles] and class [com.kodilla.hibernate.manytomany.dao.facade.SearchFacadeTestSuite]
17:44:57.605 [Test worker] DEBUG org.springframework.context.annotation.ClassPathScanningCandidateComponentProvider - Identified candidate component class: file [/Users/zieluzielu/Desktop/Java/Kodilla_Course/kodilla-hibernate/build/classes/java/main/com/kodilla/hibernate/KodillaHibernateApplication.class]
17:44:57.606 [Test worker] INFO org.springframework.boot.test.context.SpringBootTestContextBootstrapper - Found @SpringBootConfiguration com.kodilla.hibernate.KodillaHibernateApplication for test class com.kodilla.hibernate.manytomany.dao.facade.SearchFacadeTestSuite
17:44:57.738 [Test worker] DEBUG org.springframework.boot.test.context.SpringBootTestContextBootstrapper - @TestExecutionListeners is not present for class [com.kodilla.hibernate.manytomany.dao.facade.SearchFacadeTestSuite]: using defaults.
17:44:57.739 [Test worker] INFO org.springframework.boot.test.context.SpringBootTestContextBootstrapper - Loaded default TestExecutionListener class names from location [META-INF/spring.factories]: [org.springframework.boot.test.autoconfigure.restdocs.RestDocsTestExecutionListener, org.springframework.boot.test.autoconfigure.web.client.MockRestServiceServerResetTestExecutionListener, org.springframework.boot.test.autoconfigure.web.servlet.MockMvcPrintOnlyOnFailureTestExecutionListener, org.springframework.boot.test.autoconfigure.web.servlet.WebDriverTestExecutionListener, org.springframework.boot.test.mock.mockito.MockitoTestExecutionListener, org.springframework.boot.test.mock.mockito.ResetMocksTestExecutionListener, org.springframework.test.context.web.ServletTestExecutionListener, org.springframework.test.context.support.DirtiesContextBeforeModesTestExecutionListener, org.springframework.test.context.support.DependencyInjectionTestExecutionListener, org.springframework.test.context.support.DirtiesContextTestExecutionListener, org.springframework.test.context.transaction.TransactionalTestExecutionListener, org.springframework.test.context.jdbc.SqlScriptsTestExecutionListener]
17:44:57.755 [Test worker] DEBUG org.springframework.boot.test.context.SpringBootTestContextBootstrapper - Skipping candidate TestExecutionListener [org.springframework.test.context.web.ServletTestExecutionListener] due to a missing dependency. Specify custom listener classes or make the default listener classes and their required dependencies available. Offending class: [javax/servlet/ServletContext]
17:44:57.764 [Test worker] INFO org.springframework.boot.test.context.SpringBootTestContextBootstrapper - Using TestExecutionListeners: [org.springframework.test.context.support.DirtiesContextBeforeModesTestExecutionListener@732c9579, org.springframework.boot.test.mock.mockito.MockitoTestExecutionListener@3f28487d, org.springframework.boot.test.autoconfigure.SpringBootDependencyInjectionTestExecutionListener@3ca7069a, org.springframework.test.context.support.DirtiesContextTestExecutionListener@9458c1c, org.springframework.test.context.transaction.TransactionalTestExecutionListener@1ed54710, org.springframework.test.context.jdbc.SqlScriptsTestExecutionListener@63439f17, org.springframework.boot.test.autoconfigure.restdocs.RestDocsTestExecutionListener@6754d633, org.springframework.boot.test.autoconfigure.web.client.MockRestServiceServerResetTestExecutionListener@42d483a9, org.springframework.boot.test.autoconfigure.web.servlet.MockMvcPrintOnlyOnFailureTestExecutionListener@760da124, org.springframework.boot.test.autoconfigure.web.servlet.WebDriverTestExecutionListener@9c933d5, org.springframework.boot.test.mock.mockito.ResetMocksTestExecutionListener@486d9991]
17:44:57.770 [Test worker] DEBUG org.springframework.test.annotation.ProfileValueUtils - Retrieved @ProfileValueSourceConfiguration [null] for test class [com.kodilla.hibernate.manytomany.dao.facade.SearchFacadeTestSuite]
17:44:57.771 [Test worker] DEBUG org.springframework.test.annotation.ProfileValueUtils - Retrieved ProfileValueSource type [class org.springframework.test.annotation.SystemProfileValueSource] for class [com.kodilla.hibernate.manytomany.dao.facade.SearchFacadeTestSuite]
17:44:57.774 [Test worker] DEBUG org.springframework.test.annotation.ProfileValueUtils - Retrieved @ProfileValueSourceConfiguration [null] for test class [com.kodilla.hibernate.manytomany.dao.facade.SearchFacadeTestSuite]
17:44:57.774 [Test worker] DEBUG org.springframework.test.annotation.ProfileValueUtils - Retrieved ProfileValueSource type [class org.springframework.test.annotation.SystemProfileValueSource] for class [com.kodilla.hibernate.manytomany.dao.facade.SearchFacadeTestSuite]
17:44:57.775 [Test worker] DEBUG org.springframework.test.annotation.ProfileValueUtils - Retrieved @ProfileValueSourceConfiguration [null] for test class [com.kodilla.hibernate.manytomany.dao.facade.SearchFacadeTestSuite]
17:44:57.775 [Test worker] DEBUG org.springframework.test.annotation.ProfileValueUtils - Retrieved ProfileValueSource type [class org.springframework.test.annotation.SystemProfileValueSource] for class [com.kodilla.hibernate.manytomany.dao.facade.SearchFacadeTestSuite]
17:44:57.783 [Test worker] DEBUG org.springframework.test.context.support.AbstractDirtiesContextTestExecutionListener - Before test class: context [DefaultTestContext@692e7b4a testClass = SearchFacadeTestSuite, testInstance = [null], testMethod = [null], testException = [null], mergedContextConfiguration = [MergedContextConfiguration@56c3a7ec testClass = SearchFacadeTestSuite, locations = '{}', classes = '{class com.kodilla.hibernate.KodillaHibernateApplication}', contextInitializerClasses = '[]', activeProfiles = '{}', propertySourceLocations = '{}', propertySourceProperties = '{org.springframework.boot.test.context.SpringBootTestContextBootstrapper=true}', contextCustomizers = set[org.springframework.boot.test.autoconfigure.properties.PropertyMappingContextCustomizer@0, org.springframework.boot.test.autoconfigure.web.servlet.WebDriverContextCustomizerFactory$Customizer@5fd88d7b, org.springframework.boot.test.context.filter.ExcludeFilterContextCustomizer@d489127, org.springframework.boot.test.json.DuplicateJsonObjectContextCustomizerFactory$DuplicateJsonObjectContextCustomizer@1f485b77, org.springframework.boot.test.mock.mockito.MockitoContextCustomizer@0, org.springframework.boot.test.web.client.TestRestTemplateContextCustomizer@14cefc2f], contextLoader = 'org.springframework.boot.test.context.SpringBootContextLoader', parent = [null]], attributes = map[[empty]]], class annotated with @DirtiesContext [false] with mode [null].
17:44:57.784 [Test worker] DEBUG org.springframework.test.annotation.ProfileValueUtils - Retrieved @ProfileValueSourceConfiguration [null] for test class [com.kodilla.hibernate.manytomany.dao.facade.SearchFacadeTestSuite]
17:44:57.785 [Test worker] DEBUG org.springframework.test.annotation.ProfileValueUtils - Retrieved ProfileValueSource type [class org.springframework.test.annotation.SystemProfileValueSource] for class [com.kodilla.hibernate.manytomany.dao.facade.SearchFacadeTestSuite]
17:44:57.794 [Test worker] DEBUG org.springframework.test.context.support.DependencyInjectionTestExecutionListener - Performing dependency injection for test context [[DefaultTestContext@692e7b4a testClass = SearchFacadeTestSuite, testInstance = com.kodilla.hibernate.manytomany.dao.facade.SearchFacadeTestSuite@41037114, testMethod = [null], testException = [null], mergedContextConfiguration = [MergedContextConfiguration@56c3a7ec testClass = SearchFacadeTestSuite, locations = '{}', classes = '{class com.kodilla.hibernate.KodillaHibernateApplication}', contextInitializerClasses = '[]', activeProfiles = '{}', propertySourceLocations = '{}', propertySourceProperties = '{org.springframework.boot.test.context.SpringBootTestContextBootstrapper=true}', contextCustomizers = set[org.springframework.boot.test.autoconfigure.properties.PropertyMappingContextCustomizer@0, org.springframework.boot.test.autoconfigure.web.servlet.WebDriverContextCustomizerFactory$Customizer@5fd88d7b, org.springframework.boot.test.context.filter.ExcludeFilterContextCustomizer@d489127, org.springframework.boot.test.json.DuplicateJsonObjectContextCustomizerFactory$DuplicateJsonObjectContextCustomizer@1f485b77, org.springframework.boot.test.mock.mockito.MockitoContextCustomizer@0, org.springframework.boot.test.web.client.TestRestTemplateContextCustomizer@14cefc2f], contextLoader = 'org.springframework.boot.test.context.SpringBootContextLoader', parent = [null]], attributes = map[[empty]]]].
17:44:57.824 [Test worker] DEBUG org.springframework.test.context.support.TestPropertySourceUtils - Adding inlined properties to environment: {spring.jmx.enabled=false, org.springframework.boot.test.context.SpringBootTestContextBootstrapper=true, server.port=-1}

  .   ____          _            __ _ _
 /\\ / ___'_ __ _ _(_)_ __  __ _ \ \ \ \
( ( )\___ | '_ | '_| | '_ \/ _` | \ \ \ \
 \\/  ___)| |_)| | | | | || (_| |  ) ) ) )
  '  |____| .__|_| |_|_| |_\__, | / / / /
 =========|_|==============|___/=/_/_/_/
 :: Spring Boot ::        (v2.1.9.RELEASE)

2020-05-09 17:44:58.457  INFO 50504 --- [    Test worker] c.k.h.m.d.facade.SearchFacadeTestSuite   : Starting SearchFacadeTestSuite on MBP-zieluzielu with PID 50504 (started by zieluzielu in /Users/zieluzielu/Desktop/Java/Kodilla_Course/kodilla-hibernate)
2020-05-09 17:44:58.460  INFO 50504 --- [    Test worker] c.k.h.m.d.facade.SearchFacadeTestSuite   : No active profile set, falling back to default profiles: default
2020-05-09 17:44:59.408  INFO 50504 --- [    Test worker] .s.d.r.c.RepositoryConfigurationDelegate : Bootstrapping Spring Data repositories in DEFAULT mode.
2020-05-09 17:44:59.595  INFO 50504 --- [    Test worker] .s.d.r.c.RepositoryConfigurationDelegate : Finished Spring Data repository scanning in 176ms. Found 8 repository interfaces.
2020-05-09 17:45:00.917  INFO 50504 --- [    Test worker] o.hibernate.jpa.internal.util.LogHelper  : HHH000204: Processing PersistenceUnitInfo [
	name: default
	...]
2020-05-09 17:45:01.014  INFO 50504 --- [    Test worker] org.hibernate.Version                    : HHH000412: Hibernate Core {5.3.12.Final}
2020-05-09 17:45:01.016  INFO 50504 --- [    Test worker] org.hibernate.cfg.Environment            : HHH000206: hibernate.properties not found
2020-05-09 17:45:01.237  INFO 50504 --- [    Test worker] o.hibernate.annotations.common.Version   : HCANN000001: Hibernate Commons Annotations {5.0.4.Final}
2020-05-09 17:45:01.427  INFO 50504 --- [    Test worker] com.zaxxer.hikari.HikariDataSource       : HikariPool-1 - Starting...
2020-05-09 17:45:01.645  INFO 50504 --- [    Test worker] com.zaxxer.hikari.HikariDataSource       : HikariPool-1 - Start completed.
2020-05-09 17:45:01.665  INFO 50504 --- [    Test worker] org.hibernate.dialect.Dialect            : HHH000400: Using dialect: org.hibernate.dialect.MySQL5Dialect
Hibernate: alter table invoices_items add constraint FKhmcsq4sv4om4b7yr9fdsfs8hq foreign key (items_item_id) references items (item_id)
Hibernate: alter table invoices_items add constraint FKa7bpeep1f2aixrwx25g3ye04w foreign key (invoice_invoice_id) references invoices (invoice_id)
Hibernate: alter table items add constraint FKmtk37pxnx7d5ck7fkq2xcna4i foreign key (product_id) references products (product_id)
Hibernate: alter table join_company_employee add constraint FK8qv4sbf5gudy2g20lbjoknvsy foreign key (company_id) references companies (company_id)
Hibernate: alter table join_company_employee add constraint FKhyidh70ikigdnt5yqddpn795y foreign key (employee_id) references employees (employee_id)
Hibernate: alter table tasks add constraint FKbin3473ql8w0o6obgf91dly91 foreign key (tasks_financials_id) references task_financials (id)
Hibernate: alter table tasks add constraint FKprm86x994fojxdcimjsnmjymp foreign key (tasklist_id) references tasklist (id)
2020-05-09 17:45:03.462  INFO 50504 --- [    Test worker] o.h.h.i.QueryTranslatorFactoryInitiator  : HHH000397: Using ASTQueryTranslatorFactory
2020-05-09 17:45:03.590  INFO 50504 --- [    Test worker] j.LocalContainerEntityManagerFactoryBean : Initialized JPA EntityManagerFactory for persistence unit 'default'
2020-05-09 17:45:04.875  INFO 50504 --- [    Test worker] c.k.h.m.d.facade.SearchFacadeTestSuite   : Started SearchFacadeTestSuite in 7.048 seconds (JVM running for 8.798)
Hibernate: select next_val as id_val from hibernate_sequence for update
Hibernate: update hibernate_sequence set next_val= ? where next_val=?
Hibernate: insert into companies (company_name, company_id) values (?, ?)
Hibernate: select next_val as id_val from hibernate_sequence for update
Hibernate: update hibernate_sequence set next_val= ? where next_val=?
Hibernate: insert into companies (company_name, company_id) values (?, ?)
2020-05-09 17:45:05.115  INFO 50504 --- [    Test worker] c.k.h.manytomany.facade.SearchFacade     : Search for company with name like : ata
Hibernate: SELECT * FROM COMPANIES WHERE COMPANY_NAME LIKE CONCAT('%',?,'%')
2020-05-09 17:45:05.163  INFO 50504 --- [    Test worker] c.k.h.manytomany.facade.SearchFacade     : 2 companies found: Big Data, Data Maesters
Hibernate: select company0_.company_id as company_1_0_, company0_.company_name as company_2_0_ from companies company0_
Hibernate: select employees0_.company_id as company_2_5_0_, employees0_.employee_id as employee1_5_0_, employee1_.employee_id as employee1_1_1_, employee1_.firstname as firstnam2_1_1_, employee1_.lastname as lastname3_1_1_ from join_company_employee employees0_ inner join employees employee1_ on employees0_.employee_id=employee1_.employee_id where employees0_.company_id=?
Hibernate: select employees0_.company_id as company_2_5_0_, employees0_.employee_id as employee1_5_0_, employee1_.employee_id as employee1_1_1_, employee1_.firstname as firstnam2_1_1_, employee1_.lastname as lastname3_1_1_ from join_company_employee employees0_ inner join employees employee1_ on employees0_.employee_id=employee1_.employee_id where employees0_.company_id=?
Hibernate: delete from companies where company_id=?
Hibernate: delete from companies where company_id=?
Hibernate: select next_val as id_val from hibernate_sequence for update
Hibernate: update hibernate_sequence set next_val= ? where next_val=?
Hibernate: insert into employees (firstname, lastname, employee_id) values (?, ?, ?)
2020-05-09 17:45:05.234  INFO 50504 --- [    Test worker] c.k.h.manytomany.facade.SearchFacade     : Search for employee with name like : mit
Hibernate: SELECT * FROM EMPLOYEES WHERE LASTNAME LIKE CONCAT('%',?,'%')
2020-05-09 17:45:05.244  INFO 50504 --- [    Test worker] c.k.h.manytomany.facade.SearchFacade     : 1 employee found: Smith
Hibernate: select employee0_.employee_id as employee1_1_, employee0_.firstname as firstnam2_1_, employee0_.lastname as lastname3_1_ from employees employee0_
Hibernate: select companies0_.employee_id as employee1_5_0_, companies0_.company_id as company_2_5_0_, company1_.company_id as company_1_0_1_, company1_.company_name as company_2_0_1_ from join_company_employee companies0_ inner join companies company1_ on companies0_.company_id=company1_.company_id where companies0_.employee_id=?
Hibernate: delete from employees where employee_id=?
]]></system-out>
  <system-err><![CDATA[]]></system-err>
</testsuite>
