<?xml version="1.0" encoding="UTF-8"?>
<testsuite name="com.kodilla.hibernate.task.dao.TaskFinancialDetailsDaoTestSuite" tests="1" skipped="0" failures="0" errors="0" timestamp="2020-04-23T21:20:31" hostname="MBP-zieluzielu" time="0.031">
  <properties/>
  <testcase name="testFindByPaid" classname="com.kodilla.hibernate.task.dao.TaskFinancialDetailsDaoTestSuite" time="0.031"/>
  <system-out><![CDATA[2020-04-23 23:20:31.389  INFO 20612 --- [    Test worker] .b.t.c.SpringBootTestContextBootstrapper : Neither @ContextConfiguration nor @ContextHierarchy found for test class [com.kodilla.hibernate.task.dao.TaskFinancialDetailsDaoTestSuite], using SpringBootContextLoader
2020-04-23 23:20:31.390  INFO 20612 --- [    Test worker] o.s.t.c.support.AbstractContextLoader    : Could not detect default resource locations for test class [com.kodilla.hibernate.task.dao.TaskFinancialDetailsDaoTestSuite]: no resource found for suffixes {-context.xml, Context.groovy}.
2020-04-23 23:20:31.390  INFO 20612 --- [    Test worker] t.c.s.AnnotationConfigContextLoaderUtils : Could not detect default configuration classes for test class [com.kodilla.hibernate.task.dao.TaskFinancialDetailsDaoTestSuite]: TaskFinancialDetailsDaoTestSuite does not declare any static, non-private, non-final, nested classes annotated with @Configuration.
2020-04-23 23:20:31.392  INFO 20612 --- [    Test worker] .b.t.c.SpringBootTestContextBootstrapper : Found @SpringBootConfiguration com.kodilla.hibernate.KodillaHibernateApplication for test class com.kodilla.hibernate.task.dao.TaskFinancialDetailsDaoTestSuite
2020-04-23 23:20:31.393  INFO 20612 --- [    Test worker] .b.t.c.SpringBootTestContextBootstrapper : Loaded default TestExecutionListener class names from location [META-INF/spring.factories]: [org.springframework.boot.test.autoconfigure.restdocs.RestDocsTestExecutionListener, org.springframework.boot.test.autoconfigure.web.client.MockRestServiceServerResetTestExecutionListener, org.springframework.boot.test.autoconfigure.web.servlet.MockMvcPrintOnlyOnFailureTestExecutionListener, org.springframework.boot.test.autoconfigure.web.servlet.WebDriverTestExecutionListener, org.springframework.boot.test.mock.mockito.MockitoTestExecutionListener, org.springframework.boot.test.mock.mockito.ResetMocksTestExecutionListener, org.springframework.test.context.web.ServletTestExecutionListener, org.springframework.test.context.support.DirtiesContextBeforeModesTestExecutionListener, org.springframework.test.context.support.DependencyInjectionTestExecutionListener, org.springframework.test.context.support.DirtiesContextTestExecutionListener, org.springframework.test.context.transaction.TransactionalTestExecutionListener, org.springframework.test.context.jdbc.SqlScriptsTestExecutionListener]
2020-04-23 23:20:31.394  INFO 20612 --- [    Test worker] .b.t.c.SpringBootTestContextBootstrapper : Using TestExecutionListeners: [org.springframework.test.context.support.DirtiesContextBeforeModesTestExecutionListener@2a12b5a, org.springframework.boot.test.mock.mockito.MockitoTestExecutionListener@1e2d44b4, org.springframework.boot.test.autoconfigure.SpringBootDependencyInjectionTestExecutionListener@4f1f9949, org.springframework.test.context.support.DirtiesContextTestExecutionListener@58485692, org.springframework.test.context.transaction.TransactionalTestExecutionListener@53385d3a, org.springframework.test.context.jdbc.SqlScriptsTestExecutionListener@27c4ab0d, org.springframework.boot.test.autoconfigure.restdocs.RestDocsTestExecutionListener@14a2ab6d, org.springframework.boot.test.autoconfigure.web.client.MockRestServiceServerResetTestExecutionListener@e4483ad, org.springframework.boot.test.autoconfigure.web.servlet.MockMvcPrintOnlyOnFailureTestExecutionListener@1f84ced2, org.springframework.boot.test.autoconfigure.web.servlet.WebDriverTestExecutionListener@1d1a82ec, org.springframework.boot.test.mock.mockito.ResetMocksTestExecutionListener@1c62abe1]
Hibernate: select taskfinanc0_.id as id1_7_, taskfinanc0_.paid as paid2_7_, taskfinanc0_.price as price3_7_ from task_financials taskfinanc0_
Hibernate: select next_val as id_val from hibernate_sequence for update
Hibernate: update hibernate_sequence set next_val= ? where next_val=?
Hibernate: insert into task_financials (paid, price, id) values (?, ?, ?)
Hibernate: select taskfinanc0_.id as id1_7_, taskfinanc0_.paid as paid2_7_, taskfinanc0_.price as price3_7_ from task_financials taskfinanc0_ where taskfinanc0_.paid=?
Hibernate: select taskfinanc0_.id as id1_7_0_, taskfinanc0_.paid as paid2_7_0_, taskfinanc0_.price as price3_7_0_ from task_financials taskfinanc0_ where taskfinanc0_.id=?
Hibernate: delete from task_financials where id=?
]]></system-out>
  <system-err><![CDATA[]]></system-err>
</testsuite>
