<?xml version="1.0" encoding="UTF-8"?>
<testsuite name="com.kodilla.patterns.singleton.SettingsFileEngineTestSuite" tests="3" skipped="0" failures="0" errors="0" timestamp="2020-04-23T22:01:21" hostname="MBP-zieluzielu" time="0.004">
  <properties/>
  <testcase name="testSaveSettings" classname="com.kodilla.patterns.singleton.SettingsFileEngineTestSuite" time="0.002"/>
  <testcase name="testLoadSettings" classname="com.kodilla.patterns.singleton.SettingsFileEngineTestSuite" time="0.001"/>
  <testcase name="testGetFileName" classname="com.kodilla.patterns.singleton.SettingsFileEngineTestSuite" time="0.001"/>
  <system-out><![CDATA[opening the settings file
Saving settings to file
Loading settings from file
Opened: myapp.settings
Closing the settings file
]]></system-out>
  <system-err><![CDATA[]]></system-err>
</testsuite>
