<?xml version="1.0" encoding="UTF-8"?>
<testsuite name="com.kodilla.patterns.prototype.library.LibraryTestSuite" tests="1" skipped="0" failures="0" errors="0" timestamp="2020-01-22T15:32:33" hostname="MBP-zieluzielu" time="0.045">
  <properties/>
  <testcase name="testGetBooks" classname="com.kodilla.patterns.prototype.library.LibraryTestSuite" time="0.045"/>
  <system-out><![CDATA[   Library books [Library 1]
      Book{title='Title3', author='Author3', publicationDate=2020-01-22}
      Book{title='Title2', author='Author2', publicationDate=2018-10-25}
   Library books [Library 2]
      Book{title='Title3', author='Author3', publicationDate=2020-01-22}
      Book{title='Title2', author='Author2', publicationDate=2018-10-25}
   Library books [Library 3]
      Book{title='Title1', author='Author1', publicationDate=2017-05-15}
      Book{title='Title3', author='Author3', publicationDate=2020-01-22}
      Book{title='Title2', author='Author2', publicationDate=2018-10-25}
]]></system-out>
  <system-err><![CDATA[]]></system-err>
</testsuite>
