<?xml version="1.0" encoding="UTF-8"?>
<testsuite name="com.kodilla.patterns.builder.bigmac.BigmacTestSuite" tests="1" skipped="0" failures="0" errors="0" timestamp="2020-04-23T21:23:10" hostname="MBP-zieluzielu" time="0.001">
  <properties/>
  <testcase name="testBigMacBuilder" classname="com.kodilla.patterns.builder.bigmac.BigmacTestSuite" time="0.001"/>
  <system-out><![CDATA[Bigmac{bun='black', burgers=2, sauce='sweet and sour', ingredients=[cheese, salad, onion, pickles]}
]]></system-out>
  <system-err><![CDATA[]]></system-err>
</testsuite>
