<?xml version="1.0" encoding="UTF-8"?>
<testsuite name="com.kodilla.patterns.strategy.social.UserTestSuite" tests="2" skipped="0" failures="0" errors="0" timestamp="2020-01-22T15:32:33" hostname="MBP-zieluzielu" time="0.007">
  <properties/>
  <testcase name="testDefaultSharingStrategies" classname="com.kodilla.patterns.strategy.social.UserTestSuite" time="0.005"/>
  <testcase name="testIndividualSharingStrategy" classname="com.kodilla.patterns.strategy.social.UserTestSuite" time="0.001"/>
  <system-out><![CDATA[mark_1990 is sharing post on Facebook
jenny_1982 is Sharing post on Twitter
tommy_2003 is sharing post on Snapchat
mark_1990 is sharing post on Facebook
mark_1990 is sharing post on Snapchat
]]></system-out>
  <system-err><![CDATA[]]></system-err>
</testsuite>
