<?xml version="1.0" encoding="UTF-8"?>
<testsuite name="com.kodilla.patterns.strategy.social.UserTestSuite" tests="2" skipped="0" failures="0" errors="0" timestamp="2020-04-23T21:23:10" hostname="MBP-zieluzielu" time="0.006">
  <properties/>
  <testcase name="testDefaultSharingStrategies" classname="com.kodilla.patterns.strategy.social.UserTestSuite" time="0.004"/>
  <testcase name="testIndividualSharingStrategy" classname="com.kodilla.patterns.strategy.social.UserTestSuite" time="0.0"/>
  <system-out><![CDATA[mark_1990 is sharing post on Facebook
jenny_1982 is Sharing post on Twitter
tommy_2003 is sharing post on Snapchat
mark_1990 is sharing post on Facebook
mark_1990 is sharing post on Snapchat
]]></system-out>
  <system-err><![CDATA[]]></system-err>
</testsuite>
