<?xml version="1.0" encoding="UTF-8"?>
<testsuite name="StoredProcTestSuite" tests="1" skipped="0" failures="0" errors="0" timestamp="2020-05-24T13:02:27" hostname="MBP-zieluzielu" time="1.275">
  <properties/>
  <testcase name="testUpdateBestsellers" classname="StoredProcTestSuite" time="1.275"/>
  <system-out><![CDATA[]]></system-out>
  <system-err><![CDATA[]]></system-err>
</testsuite>
