<?xml version="1.0" encoding="UTF-8"?>
<testsuite name="DbManagerTestSuite" tests="1" skipped="0" failures="0" errors="0" timestamp="2020-01-22T15:47:14" hostname="MBP-zieluzielu" time="0.51">
  <properties/>
  <testcase name="testSelectUsersAndPosts" classname="DbManagerTestSuite" time="0.51"/>
  <system-out><![CDATA[John, Smith
]]></system-out>
  <system-err><![CDATA[]]></system-err>
</testsuite>
